Estoque_TI.exe: 000015AC: 07:44:38 []:>--------------------------------------------------------------<
Estoque_TI.exe: 000015AC: 07:44:38 [TUniServerModule]:Server First Init.
Estoque_TI.exe: 000015AC: 07:44:38 [TUniServerModule]:Starting HTTP Server on Port: 8050...
Estoque_TI.exe: 000015AC: 07:44:38 [TUniServerModule]:HTTP Server Started on Port: 8050
Estoque_TI.exe: 00003598: 07:53:41 []:>--------------------------------------------------------------<
Estoque_TI.exe: 00003598: 07:53:41 [TUniServerModule]:Server First Init.
Estoque_TI.exe: 00003598: 07:53:42 [TUniServerModule]:Global Cache Folder Erased. <9> Files deleted.
Estoque_TI.exe: 00003598: 07:53:42 [TUniServerModule]:Starting HTTP Server on Port: 8050...
Estoque_TI.exe: 00003598: 07:53:42 [TUniServerModule]:HTTP Server Started on Port: 8050
Estoque_TI.exe: 0000350C: 07:53:46 [127.0.0.1]:EUniSessionException : Sessão inválida ou tempo limite da sessão. (Session not found: xQOtWJ3SJI107C9CA5B ) : Addr: $0080DA66
Estoque_TI.exe: 000020CC: 08:54:53 []:>--------------------------------------------------------------<
Estoque_TI.exe: 000020CC: 08:54:53 [TUniServerModule]:Server First Init.
Estoque_TI.exe: 000020CC: 08:54:53 [TUniServerModule]:Global Cache Folder Erased. <1> Files deleted.
Estoque_TI.exe: 000020CC: 08:54:53 [TUniServerModule]:Starting HTTP Server on Port: 8050...
Estoque_TI.exe: 000020CC: 08:54:53 [TUniServerModule]:HTTP Server Started on Port: 8050
Estoque_TI.exe: 000038B8: 08:54:53 [127.0.0.1]:EUniSessionException : Sessão inválida ou tempo limite da sessão. (Session not found: db2HwsYQcU107C9CC85 ) : Addr: $0080DA66
Estoque_TI.exe: 000025A8: 08:58:24 []:>--------------------------------------------------------------<
Estoque_TI.exe: 000025A8: 08:58:24 [TUniServerModule]:Server First Init.
Estoque_TI.exe: 000025A8: 08:58:24 [TUniServerModule]:Global Cache Folder Erased. <3> Files deleted.
Estoque_TI.exe: 000025A8: 08:58:24 [TUniServerModule]:Starting HTTP Server on Port: 8050...
Estoque_TI.exe: 000025A8: 08:58:24 [TUniServerModule]:HTTP Server Started on Port: 8050
Estoque_TI.exe: 000033AC: 08:58:26 [127.0.0.1]:EUniSessionException : Sessão inválida ou tempo limite da sessão. (Session not found: h4DJxv7n7P107C9DD26 ) : Addr: $0080DA66
Estoque_TI.exe: 00000C1C: 09:08:59 []:>--------------------------------------------------------------<
Estoque_TI.exe: 00000C1C: 09:08:59 [TUniServerModule]:Server First Init.
Estoque_TI.exe: 00000C1C: 09:09:00 [TUniServerModule]:Global Cache Folder Erased. <5> Files deleted.
Estoque_TI.exe: 00000C1C: 09:09:00 [TUniServerModule]:Starting HTTP Server on Port: 8050...
Estoque_TI.exe: 00000C1C: 09:09:00 [TUniServerModule]:HTTP Server Started on Port: 8050
Estoque_TI.exe: 00002BF8: 09:09:07 [127.0.0.1]:EUniSessionException : Sessão inválida ou tempo limite da sessão. (Session not found: CotDC97kmr107C9DE10 ) : Addr: $0080DB2A
Estoque_TI.exe: 000027AC: 09:09:16 [127.0.0.1]:Exception : relatSaida: relatSaida: Field 'SAIDA' not found : Addr: $00A15BDC
Estoque_TI.exe: 000027AC: 09:09:22 [127.0.0.1]:Exception : relatSaida: relatSaida: Field 'SAIDA' not found : Addr: $00A15BDC
Estoque_TI.exe: 00001AC8: 09:10:00 []:>--------------------------------------------------------------<
Estoque_TI.exe: 00001AC8: 09:10:00 [TUniServerModule]:Server First Init.
Estoque_TI.exe: 00001AC8: 09:10:00 [TUniServerModule]:Global Cache Folder Erased. <6> Files deleted.
Estoque_TI.exe: 00001AC8: 09:10:00 [TUniServerModule]:Starting HTTP Server on Port: 8050...
Estoque_TI.exe: 00001AC8: 09:10:00 [TUniServerModule]:HTTP Server Started on Port: 8050
Estoque_TI.exe: 00002ABC: 09:10:06 [127.0.0.1]:EUniSessionException : Sessão inválida ou tempo limite da sessão. (Session not found: O8u8jUvJum107C9E0F5 ) : Addr: $0080DB2A
Estoque_TI.exe: 000019B0: 09:13:21 []:>--------------------------------------------------------------<
Estoque_TI.exe: 000019B0: 09:13:21 [TUniServerModule]:Server First Init.
Estoque_TI.exe: 000019B0: 09:13:21 [TUniServerModule]:Global Cache Folder Erased. <3> Files deleted.
Estoque_TI.exe: 000019B0: 09:13:21 [TUniServerModule]:Starting HTTP Server on Port: 8050...
Estoque_TI.exe: 000019B0: 09:13:21 [TUniServerModule]:HTTP Server Started on Port: 8050
Estoque_TI.exe: 00001094: 09:13:33 [127.0.0.1]:EUniSessionException : Sessão inválida ou tempo limite da sessão. (Session not found: gz3bTNxIe4107C9E15F ) : Addr: $0080DB2A
Estoque_TI.exe: 00003040: 09:18:11 []:>--------------------------------------------------------------<
Estoque_TI.exe: 00003040: 09:18:11 [TUniServerModule]:Server First Init.
Estoque_TI.exe: 00003040: 09:18:12 [TUniServerModule]:Global Cache Folder Erased. <22> Files deleted.
Estoque_TI.exe: 00003040: 09:18:12 [TUniServerModule]:Starting HTTP Server on Port: 8050...
Estoque_TI.exe: 00003040: 09:18:12 [TUniServerModule]:HTTP Server Started on Port: 8050
Estoque_TI.exe: 00001684: 09:18:12 [127.0.0.1]:EUniSessionException : Sessão inválida ou tempo limite da sessão. (Session not found: 63Cc26wxfI107C9E229 ) : Addr: $0080DB2A
Estoque_TI.exe: 000033B0: 09:22:00 []:>--------------------------------------------------------------<
Estoque_TI.exe: 000033B0: 09:22:00 [TUniServerModule]:Server First Init.
Estoque_TI.exe: 000033B0: 09:22:00 [TUniServerModule]:Global Cache Folder Erased. <7> Files deleted.
Estoque_TI.exe: 000033B0: 09:22:00 [TUniServerModule]:Starting HTTP Server on Port: 8050...
Estoque_TI.exe: 000033B0: 09:22:01 [TUniServerModule]:HTTP Server Started on Port: 8050
Estoque_TI.exe: 00002D9C: 09:22:01 [127.0.0.1]:EUniSessionException : Sessão inválida ou tempo limite da sessão. (Session not found: b4x3gp45wm107C9E36C ) : Addr: $0080DB2A
Estoque_TI.exe: 00000E44: 09:24:07 []:>--------------------------------------------------------------<
Estoque_TI.exe: 00000E44: 09:24:07 [TUniServerModule]:Server First Init.
Estoque_TI.exe: 00000E44: 09:24:07 [TUniServerModule]:Global Cache Folder Erased. <5> Files deleted.
Estoque_TI.exe: 00000E44: 09:24:07 [TUniServerModule]:Starting HTTP Server on Port: 8050...
Estoque_TI.exe: 00000E44: 09:24:07 [TUniServerModule]:HTTP Server Started on Port: 8050
Estoque_TI.exe: 00002DF4: 09:24:08 [127.0.0.1]:EUniSessionException : Sessão inválida ou tempo limite da sessão. (Session not found: EQZY4IHnxs107C9E475 ) : Addr: $0080DB2A
Estoque_TI.exe: 000016CC: 09:24:40 []:>--------------------------------------------------------------<
Estoque_TI.exe: 000016CC: 09:24:40 [TUniServerModule]:Server First Init.
Estoque_TI.exe: 000016CC: 09:24:40 [TUniServerModule]:Global Cache Folder Erased. <3> Files deleted.
Estoque_TI.exe: 000016CC: 09:24:40 [TUniServerModule]:Starting HTTP Server on Port: 8050...
Estoque_TI.exe: 000016CC: 09:24:40 [TUniServerModule]:HTTP Server Started on Port: 8050
Estoque_TI.exe: 00003AEC: 09:24:43 [127.0.0.1]:EUniSessionException : Sessão inválida ou tempo limite da sessão. (Session not found: tKDSU3gb5d107C9E509 ) : Addr: $0080DB2A
Estoque_TI.exe: 0000385C: 09:27:17 []:>--------------------------------------------------------------<
Estoque_TI.exe: 0000385C: 09:27:17 [TUniServerModule]:Server First Init.
Estoque_TI.exe: 0000385C: 09:27:18 [TUniServerModule]:Global Cache Folder Erased. <10> Files deleted.
Estoque_TI.exe: 0000385C: 09:27:18 [TUniServerModule]:Starting HTTP Server on Port: 8050...
Estoque_TI.exe: 0000385C: 09:27:18 [TUniServerModule]:HTTP Server Started on Port: 8050
Estoque_TI.exe: 00002AF4: 09:27:18 [127.0.0.1]:EUniSessionException : Sessão inválida ou tempo limite da sessão. (Session not found: VFGkYcH3C3107C9E531 ) : Addr: $0080DB2A
Estoque_TI.exe: 000022BC: 09:31:20 []:>--------------------------------------------------------------<
Estoque_TI.exe: 000022BC: 09:31:20 [TUniServerModule]:Server First Init.
Estoque_TI.exe: 000022BC: 09:31:21 [TUniServerModule]:Global Cache Folder Erased. <14> Files deleted.
Estoque_TI.exe: 000022BC: 09:31:21 [TUniServerModule]:Starting HTTP Server on Port: 8050...
Estoque_TI.exe: 000022BC: 09:31:21 [TUniServerModule]:HTTP Server Started on Port: 8050
Estoque_TI.exe: 00000FE8: 09:31:29 [127.0.0.1]:EUniSessionException : Sessão inválida ou tempo limite da sessão. (Session not found: 5Ami7NGTwx107C9E5E4 ) : Addr: $0080DB2A
Estoque_TI.exe: 000036C0: 09:59:01 [127.0.0.1]:EUniSessionException : Sessão inválida ou tempo limite da sessão. (Session not found: kLrZm5i2Bd107C9E707 ) : Addr: $0080DB2A
Estoque_TI.exe: 000036C0: 09:59:01 [127.0.0.1]:EUniSessionException : Sessão inválida ou tempo limite da sessão. (Session not found: kLrZm5i2Bd107C9E707 ) : Addr: $0080DB2A
Estoque_TI.exe: 000013F8: 10:33:22 [127.0.0.1]:EUniSessionException : Sessão inválida ou tempo limite da sessão. (Session not found: WwFqtDgb7g107C9EE81 ) : Addr: $0080DB2A
Estoque_TI.exe: 000010B4: 10:34:20 []:>--------------------------------------------------------------<
Estoque_TI.exe: 000010B4: 10:34:20 [TUniServerModule]:Server First Init.
Estoque_TI.exe: 000010B4: 10:34:20 [TUniServerModule]:Global Cache Folder Erased. <3> Files deleted.
Estoque_TI.exe: 000010B4: 10:34:20 [TUniServerModule]:Starting HTTP Server on Port: 8050...
Estoque_TI.exe: 000010B4: 10:34:20 [TUniServerModule]:HTTP Server Started on Port: 8050
Estoque_TI.exe: 00002108: 10:34:23 [127.0.0.1]:EUniSessionException : Sessão inválida ou tempo limite da sessão. (Session not found: VO8Uulpi4W107C9F7D0 ) : Addr: $0080DB2A
Estoque_TI.exe: 00001EF4: 10:34:29 [HandleFileRequest[127.0.0.1]]:File not found: D:\Projetos\2020\WebEstoqueTI-8050\Win32\Debug\font-awesome\css\font-awesome.min.css
Estoque_TI.exe: 000018E4: 10:35:19 []:>--------------------------------------------------------------<
Estoque_TI.exe: 000018E4: 10:35:19 [TUniServerModule]:Server First Init.
Estoque_TI.exe: 000018E4: 10:35:19 [TUniServerModule]:Global Cache Folder Erased. <5> Files deleted.
Estoque_TI.exe: 000018E4: 10:35:19 [TUniServerModule]:Starting HTTP Server on Port: 8050...
Estoque_TI.exe: 000018E4: 10:35:19 [TUniServerModule]:HTTP Server Started on Port: 8050
Estoque_TI.exe: 00003658: 10:35:19 [127.0.0.1]:EUniSessionException : Sessão inválida ou tempo limite da sessão. (Session not found: 5Q28daykdh107C9F817 ) : Addr: $0080DB2A
Estoque_TI.exe: 00001F40: 10:36:34 []:>--------------------------------------------------------------<
Estoque_TI.exe: 00001F40: 10:36:34 [TUniServerModule]:Server First Init.
Estoque_TI.exe: 00001F40: 10:36:34 [TUniServerModule]:Global Cache Folder Erased. <4> Files deleted.
Estoque_TI.exe: 00001F40: 10:36:34 [TUniServerModule]:Starting HTTP Server on Port: 8050...
Estoque_TI.exe: 00001F40: 10:36:34 [TUniServerModule]:HTTP Server Started on Port: 8050
Estoque_TI.exe: 00001744: 10:36:34 [127.0.0.1]:EUniSessionException : Sessão inválida ou tempo limite da sessão. (Session not found: GMSlmC4rRC107C9F858 ) : Addr: $0080DB2A
Estoque_TI.exe: 00003620: 10:57:16 []:>--------------------------------------------------------------<
Estoque_TI.exe: 00003620: 10:57:16 [TUniServerModule]:Server First Init.
Estoque_TI.exe: 00003620: 10:57:16 [TUniServerModule]:Global Cache Folder Erased. <1> Files deleted.
Estoque_TI.exe: 00003620: 10:57:16 [TUniServerModule]:Starting HTTP Server on Port: 8050...
Estoque_TI.exe: 00003620: 10:57:16 [TUniServerModule]:HTTP Server Started on Port: 8050
Estoque_TI.exe: 00000CF0: 10:57:17 [127.0.0.1]:EUniSessionException : Sessão inválida ou tempo limite da sessão. (Session not found: PmXV3ykmL5107C9F8AF ) : Addr: $0080DB2A
Estoque_TI.exe: 00002A00: 10:57:25 [HandleFileRequest[127.0.0.1]]:File not found: D:\Projetos\2020\WebEstoqueTI-8050\Win32\Debug\.js
Estoque_TI.exe: 0000246C: 10:58:51 []:>--------------------------------------------------------------<
Estoque_TI.exe: 0000246C: 10:58:51 [TUniServerModule]:Server First Init.
Estoque_TI.exe: 0000246C: 10:58:51 [TUniServerModule]:Global Cache Folder Erased. <4> Files deleted.
Estoque_TI.exe: 0000246C: 10:58:51 [TUniServerModule]:Starting HTTP Server on Port: 8050...
Estoque_TI.exe: 0000246C: 10:58:51 [TUniServerModule]:HTTP Server Started on Port: 8050
Estoque_TI.exe: 000030D0: 10:58:53 [127.0.0.1]:EUniSessionException : Sessão inválida ou tempo limite da sessão. (Session not found: eCR1ePqAXy107C9FE4D ) : Addr: $0080DB2A
Estoque_TI.exe: 00001BC0: 10:59:00 [HandleFileRequest[127.0.0.1]]:File not found: D:\Projetos\2020\WebEstoqueTI-8050\Win32\Debug\.js
Estoque_TI.exe: 00003054: 11:01:20 []:>--------------------------------------------------------------<
Estoque_TI.exe: 00003054: 11:01:20 [TUniServerModule]:Server First Init.
Estoque_TI.exe: 00003054: 11:01:21 [TUniServerModule]:Global Cache Folder Erased. <4> Files deleted.
Estoque_TI.exe: 00003054: 11:01:21 [TUniServerModule]:Starting HTTP Server on Port: 8050...
Estoque_TI.exe: 00003054: 11:01:21 [TUniServerModule]:HTTP Server Started on Port: 8050
Estoque_TI.exe: 00000500: 11:01:30 [127.0.0.1]:EUniSessionException : Sessão inválida ou tempo limite da sessão. (Session not found: oXuyOzXbeN107C9FEBC ) : Addr: $0080DB2A
Estoque_TI.exe: 000035B4: 11:01:37 [HandleFileRequest[127.0.0.1]]:File not found: D:\Projetos\2020\WebEstoqueTI-8050\Win32\Debug\.js
Estoque_TI.exe: 00001110: 11:01:59 []:>--------------------------------------------------------------<
Estoque_TI.exe: 00001110: 11:01:59 [TUniServerModule]:Server First Init.
Estoque_TI.exe: 00001110: 11:01:59 [TUniServerModule]:Global Cache Folder Erased. <4> Files deleted.
Estoque_TI.exe: 00001110: 11:01:59 [TUniServerModule]:Starting HTTP Server on Port: 8050...
Estoque_TI.exe: 00001110: 11:01:59 [TUniServerModule]:HTTP Server Started on Port: 8050
Estoque_TI.exe: 00002D04: 11:01:59 [127.0.0.1]:EUniSessionException : Sessão inválida ou tempo limite da sessão. (Session not found: UfwjywDa9y107C9FF72 ) : Addr: $0080DA66
Estoque_TI.exe: 00001110: 11:20:43 [TUniServerModule]:Shutting Down Server.
Estoque_TI.exe: 00001110: 11:20:43 [TUniServerModule]:Stopping HTTP Server.
Estoque_TI.exe: 00001110: 11:20:43 [TUniServerModule]:HTTP Server Stopped.
Estoque_TI.exe: 00001110: 11:20:43 [TUniGUISessionManager]:Terminating Session manager.
Estoque_TI.exe: 00001110: 11:20:43 [TUniGUISessionManager]:Stopping Cache Eraser...
Estoque_TI.exe: 00001110: 11:20:43 [TUniGUISessionManager]:Cache Eraser Stopped.
Estoque_TI.exe: 00001110: 11:20:43 [TUniGUISessionManager]:Destroying Worker Threads.
Estoque_TI.exe: 00001110: 11:20:43 [TUniGUISessionManager]:Session manager terminated.
Estoque_TI.exe: 00001110: 11:20:44 [TUniServerModule]:Server Shutdown Completed.
Estoque_TI.exe: 00001110: 11:20:44 []:<-------------------------------------------------------------->
Estoque_TI.exe: 00001110: 11:20:44 [Terminated]:Exit Code: 0
Estoque_TI.exe: 00001EE0: 13:07:45 []:>--------------------------------------------------------------<
Estoque_TI.exe: 00001EE0: 13:07:45 [TUniServerModule]:Server First Init.
Estoque_TI.exe: 00001EE0: 13:07:45 [TUniServerModule]:Starting HTTP Server on Port: 8050...
Estoque_TI.exe: 00001EE0: 13:07:45 [TUniServerModule]:HTTP Server Started on Port: 8050
Estoque_TI.exe: 00001EE0: 13:25:07 [TUniServerModule]:Shutting Down Server.
Estoque_TI.exe: 00001EE0: 13:25:07 [TUniServerModule]:Stopping HTTP Server.
Estoque_TI.exe: 00001EE0: 13:25:08 [TUniServerModule]:HTTP Server Stopped.
Estoque_TI.exe: 00001EE0: 13:25:08 [TUniGUISessionManager]:Terminating Session manager.
Estoque_TI.exe: 00001EE0: 13:25:08 [TUniGUISessionManager]:Stopping Cache Eraser...
Estoque_TI.exe: 00001EE0: 13:25:08 [TUniGUISessionManager]:Cache Eraser Stopped.
Estoque_TI.exe: 00001EE0: 13:25:08 [TUniGUISessionManager]:Destroying Worker Threads.
Estoque_TI.exe: 00001EE0: 13:25:08 [TUniGUISessionManager]:Session manager terminated.
Estoque_TI.exe: 00001EE0: 13:25:08 [TUniServerModule]:Server Shutdown Completed.
Estoque_TI.exe: 00001EE0: 13:25:08 []:<-------------------------------------------------------------->
Estoque_TI.exe: 00001EE0: 13:25:08 [Terminated]:Exit Code: 0
