Estoque_TI.exe: 00002280: 11:16:42 []:>--------------------------------------------------------------<
Estoque_TI.exe: 00002280: 11:16:42 [TUniServerModule]:Server First Init.
Estoque_TI.exe: 00002280: 11:16:42 [TUniServerModule]:Starting HTTP Server on Port: 8050...
Estoque_TI.exe: 00002280: 11:16:42 [TUniServerModule]:HTTP Server Started on Port: 8050
Estoque_TI.exe: 00002280: 11:16:49 [TUniServerModule]:Shutting Down Server.
Estoque_TI.exe: 00002280: 11:16:49 [TUniServerModule]:Stopping HTTP Server.
Estoque_TI.exe: 00002280: 11:16:49 [TUniServerModule]:HTTP Server Stopped.
Estoque_TI.exe: 00002280: 11:16:49 [TUniGUISessionManager]:Terminating Session manager.
Estoque_TI.exe: 00002280: 11:16:49 [TUniGUISessionManager]:Stopping Cache Eraser...
Estoque_TI.exe: 00002280: 11:16:49 [TUniGUISessionManager]:Cache Eraser Stopped.
Estoque_TI.exe: 00002280: 11:16:49 [TUniGUISessionManager]:Destroying Worker Threads.
Estoque_TI.exe: 00002280: 11:16:49 [TUniGUISessionManager]:Session manager terminated.
Estoque_TI.exe: 00002280: 11:16:49 [TUniServerModule]:Server Shutdown Completed.
Estoque_TI.exe: 00002280: 11:16:49 []:<-------------------------------------------------------------->
Estoque_TI.exe: 00002280: 11:16:49 [Terminated]:Exit Code: 0
Estoque_TI.exe: 000032B0: 15:35:47 []:>--------------------------------------------------------------<
Estoque_TI.exe: 000032B0: 15:35:47 [TUniServerModule]:Server First Init.
Estoque_TI.exe: 000032B0: 15:35:47 [TUniServerModule]:Starting HTTP Server on Port: 8050...
Estoque_TI.exe: 000032B0: 15:35:47 [TUniServerModule]:HTTP Server Started on Port: 8050
Estoque_TI.exe: 00000590: 15:36:15 []:>--------------------------------------------------------------<
Estoque_TI.exe: 00000590: 15:36:15 [TUniServerModule]:Server First Init.
Estoque_TI.exe: 00000590: 15:36:15 [TUniServerModule]:Global Cache Folder Erased. <1> Files deleted.
Estoque_TI.exe: 00000590: 15:36:15 [TUniServerModule]:Starting HTTP Server on Port: 8050...
Estoque_TI.exe: 00000590: 15:36:15 [TUniServerModule]:HTTP Server Started on Port: 8050
Estoque_TI.exe: 00000590: 15:36:28 [TUniServerModule]:Shutting Down Server.
Estoque_TI.exe: 00000590: 15:36:28 [TUniServerModule]:Stopping HTTP Server.
Estoque_TI.exe: 00000590: 15:36:29 [TUniServerModule]:HTTP Server Stopped.
Estoque_TI.exe: 00000590: 15:36:29 [TUniGUISessionManager]:Terminating Session manager.
Estoque_TI.exe: 00000590: 15:36:29 [TUniGUISessionManager]:Stopping Cache Eraser...
Estoque_TI.exe: 00000590: 15:36:29 [TUniGUISessionManager]:Cache Eraser Stopped.
Estoque_TI.exe: 00000590: 15:36:29 [TUniGUISessionManager]:Destroying Worker Threads.
Estoque_TI.exe: 00000590: 15:36:29 [TUniGUISessionManager]:Session manager terminated.
Estoque_TI.exe: 00000590: 15:36:29 [TUniServerModule]:Server Shutdown Completed.
Estoque_TI.exe: 00000590: 15:36:29 []:<-------------------------------------------------------------->
Estoque_TI.exe: 00000590: 15:36:29 [Terminated]:Exit Code: 0
Estoque_TI.exe: 000001D8: 15:36:56 []:>--------------------------------------------------------------<
Estoque_TI.exe: 000001D8: 15:36:56 [TUniServerModule]:Server First Init.
Estoque_TI.exe: 000001D8: 15:36:56 [TUniServerModule]:Starting HTTP Server on Port: 8050...
Estoque_TI.exe: 000001D8: 15:36:56 [TUniServerModule]:HTTP Server Started on Port: 8050
Estoque_TI.exe: 00003D10: 15:36:59 []:>--------------------------------------------------------------<
Estoque_TI.exe: 00003D10: 15:36:59 [TUniServerModule]:Server First Init.
Estoque_TI.exe: 00003D10: 15:36:59 [TUniServerModule]:Global Cache Folder Erased. <1> Files deleted.
Estoque_TI.exe: 00003D10: 15:36:59 [TUniServerModule]:Starting HTTP Server on Port: 8050...
Estoque_TI.exe: 00003D10: 15:36:59 [InitWebServer]:EIdCouldNotBindSocket : Could not bind socket. : Addr: $00704F03
Estoque_TI.exe: 000001D8: 15:37:03 [TUniServerModule]:Shutting Down Server.
Estoque_TI.exe: 000001D8: 15:37:03 [TUniServerModule]:Stopping HTTP Server.
Estoque_TI.exe: 000001D8: 15:37:03 [TUniServerModule]:HTTP Server Stopped.
Estoque_TI.exe: 000001D8: 15:37:03 [TUniGUISessionManager]:Terminating Session manager.
Estoque_TI.exe: 000001D8: 15:37:03 [TUniGUISessionManager]:Stopping Cache Eraser...
Estoque_TI.exe: 000001D8: 15:37:03 [TUniGUISessionManager]:Cache Eraser Stopped.
Estoque_TI.exe: 000001D8: 15:37:03 [TUniGUISessionManager]:Destroying Worker Threads.
Estoque_TI.exe: 000001D8: 15:37:03 [TUniGUISessionManager]:Session manager terminated.
Estoque_TI.exe: 000001D8: 15:37:03 [TUniServerModule]:Server Shutdown Completed.
Estoque_TI.exe: 000001D8: 15:37:03 []:<-------------------------------------------------------------->
Estoque_TI.exe: 000001D8: 15:37:03 [Terminated]:Exit Code: 0
Estoque_TI.exe: 00003D10: 15:37:43 [TUniServerModule]:Shutting Down Server.
Estoque_TI.exe: 00003D10: 15:37:43 [TUniServerModule]:Stopping HTTP Server.
Estoque_TI.exe: 00003D10: 15:37:43 [TUniServerModule]:HTTP Server Stopped.
Estoque_TI.exe: 00003D10: 15:37:43 [TUniGUISessionManager]:Terminating Session manager.
Estoque_TI.exe: 00003D10: 15:37:43 [TUniGUISessionManager]:Stopping Cache Eraser...
Estoque_TI.exe: 00003D10: 15:37:43 [TUniGUISessionManager]:Cache Eraser Stopped.
Estoque_TI.exe: 00003D10: 15:37:43 [TUniGUISessionManager]:Destroying Worker Threads.
Estoque_TI.exe: 00003D10: 15:37:43 [TUniGUISessionManager]:Session manager terminated.
Estoque_TI.exe: 00003D10: 15:37:43 [TUniServerModule]:Server Shutdown Completed.
Estoque_TI.exe: 00003D10: 15:37:43 []:<-------------------------------------------------------------->
Estoque_TI.exe: 00003D10: 15:37:43 [Terminated]:Exit Code: 0
