Estoque_TI.exe: 00000650: 13:27:44 []:>--------------------------------------------------------------<
Estoque_TI.exe: 00000650: 13:27:44 [TUniServerModule]:Server First Init.
Estoque_TI.exe: 00000650: 13:27:44 [TUniServerModule]:Global Cache Folder Erased. <148> Files deleted.
Estoque_TI.exe: 00000650: 13:27:44 [TUniServerModule]:Starting HTTP Server on Port: 8050...
Estoque_TI.exe: 00000650: 13:27:44 [TUniServerModule]:HTTP Server Started on Port: 8050
Estoque_TI.exe: 00003900: 14:58:41 []:>--------------------------------------------------------------<
Estoque_TI.exe: 00003900: 14:58:41 [TUniServerModule]:Server First Init.
Estoque_TI.exe: 00003900: 14:58:41 [TUniServerModule]:Global Cache Folder Erased. <1> Files deleted.
Estoque_TI.exe: 00003900: 14:58:41 [TUniServerModule]:Starting HTTP Server on Port: 8050...
Estoque_TI.exe: 00003900: 14:58:41 [TUniServerModule]:HTTP Server Started on Port: 8050
Estoque_TI.exe: 00001F04: 15:05:52 []:>--------------------------------------------------------------<
Estoque_TI.exe: 00001F04: 15:05:52 [TUniServerModule]:Server First Init.
Estoque_TI.exe: 00001F04: 15:05:52 [TUniServerModule]:Global Cache Folder Erased. <1> Files deleted.
Estoque_TI.exe: 00001F04: 15:05:52 [TUniServerModule]:Starting HTTP Server on Port: 8050...
Estoque_TI.exe: 00001F04: 15:05:52 [InitWebServer]:EIdCouldNotBindSocket : Could not bind socket. : Addr: $00704F03
Estoque_TI.exe: 00000020: 15:05:52 []:>--------------------------------------------------------------<
Estoque_TI.exe: 00000020: 15:05:52 [TUniServerModule]:Server First Init.
Estoque_TI.exe: 00000020: 15:05:52 [TUniServerModule]:Global Cache Folder Erased. <1> Files deleted.
Estoque_TI.exe: 00000020: 15:05:52 [TUniServerModule]:Starting HTTP Server on Port: 8050...
Estoque_TI.exe: 00000020: 15:05:52 [InitWebServer]:EIdCouldNotBindSocket : Could not bind socket. : Addr: $00704F03
Estoque_TI.exe: 00001F04: 15:05:57 [TUniServerModule]:Shutting Down Server.
Estoque_TI.exe: 00001F04: 15:05:57 [TUniServerModule]:Stopping HTTP Server.
Estoque_TI.exe: 00001F04: 15:05:57 [TUniServerModule]:HTTP Server Stopped.
Estoque_TI.exe: 00001F04: 15:05:57 [TUniGUISessionManager]:Terminating Session manager.
Estoque_TI.exe: 00001F04: 15:05:57 [TUniGUISessionManager]:Stopping Cache Eraser...
Estoque_TI.exe: 00001F04: 15:05:57 [TUniGUISessionManager]:Cache Eraser Stopped.
Estoque_TI.exe: 00001F04: 15:05:57 [TUniGUISessionManager]:Destroying Worker Threads.
Estoque_TI.exe: 00001F04: 15:05:57 [TUniGUISessionManager]:Session manager terminated.
Estoque_TI.exe: 00001F04: 15:05:57 [TUniServerModule]:Server Shutdown Completed.
Estoque_TI.exe: 00001F04: 15:05:57 []:<-------------------------------------------------------------->
Estoque_TI.exe: 00001F04: 15:05:57 [Terminated]:Exit Code: 0
Estoque_TI.exe: 00000020: 15:19:54 [TUniServerModule]:Shutting Down Server.
Estoque_TI.exe: 00000020: 15:19:54 [TUniServerModule]:Stopping HTTP Server.
Estoque_TI.exe: 00000020: 15:19:55 [TUniServerModule]:HTTP Server Stopped.
Estoque_TI.exe: 00000020: 15:19:55 [TUniGUISessionManager]:Terminating Session manager.
Estoque_TI.exe: 00000020: 15:19:55 [TUniGUISessionManager]:Stopping Cache Eraser...
Estoque_TI.exe: 00000020: 15:19:55 [TUniGUISessionManager]:Cache Eraser Stopped.
Estoque_TI.exe: 00000020: 15:19:55 [TUniGUISessionManager]:Destroying Worker Threads.
Estoque_TI.exe: 00000020: 15:19:55 [TUniGUISessionManager]:Session manager terminated.
Estoque_TI.exe: 00000020: 15:19:55 [TUniServerModule]:Server Shutdown Completed.
Estoque_TI.exe: 00000020: 15:19:55 []:<-------------------------------------------------------------->
Estoque_TI.exe: 00000020: 15:19:55 [Terminated]:Exit Code: 0
Estoque_TI.exe: 000035FC: 15:36:02 []:>--------------------------------------------------------------<
Estoque_TI.exe: 000035FC: 15:36:02 [TUniServerModule]:Server First Init.
Estoque_TI.exe: 000035FC: 15:36:02 [TUniServerModule]:Starting HTTP Server on Port: 8050...
Estoque_TI.exe: 000035FC: 15:36:02 [TUniServerModule]:HTTP Server Started on Port: 8050
Estoque_TI.exe: 00000D58: 15:36:16 []:>--------------------------------------------------------------<
Estoque_TI.exe: 00000D58: 15:36:16 [TUniServerModule]:Server First Init.
Estoque_TI.exe: 00000D58: 15:36:16 [TUniServerModule]:Global Cache Folder Erased. <1> Files deleted.
Estoque_TI.exe: 00000D58: 15:36:16 [TUniServerModule]:Starting HTTP Server on Port: 8050...
Estoque_TI.exe: 00000D58: 15:36:16 [TUniServerModule]:HTTP Server Started on Port: 8050
Estoque_TI.exe: 00000D58: 16:15:20 [TUniServerModule]:Shutting Down Server.
Estoque_TI.exe: 00000D58: 16:15:20 [TUniServerModule]:Stopping HTTP Server.
Estoque_TI.exe: 00000D58: 16:15:20 [TUniServerModule]:HTTP Server Stopped.
Estoque_TI.exe: 00000D58: 16:15:20 [TUniGUISessionManager]:Terminating Session manager.
Estoque_TI.exe: 00000D58: 16:15:20 [TUniGUISessionManager]:Stopping Cache Eraser...
Estoque_TI.exe: 00000D58: 16:15:20 [TUniGUISessionManager]:Cache Eraser Stopped.
Estoque_TI.exe: 00000D58: 16:15:20 [TUniGUISessionManager]:Destroying Worker Threads.
Estoque_TI.exe: 00000D58: 16:15:20 [TUniGUISessionManager]:Session manager terminated.
Estoque_TI.exe: 00000D58: 16:15:20 [TUniServerModule]:Server Shutdown Completed.
Estoque_TI.exe: 00000D58: 16:15:20 []:<-------------------------------------------------------------->
Estoque_TI.exe: 00000D58: 16:15:20 [Terminated]:Exit Code: 0
