Estoque_TI.exe: 00001B04: 07:37:09 []:>--------------------------------------------------------------<
Estoque_TI.exe: 00001B04: 07:37:09 [TUniServerModule]:Server First Init.
Estoque_TI.exe: 00001B04: 07:37:09 [TUniServerModule]:Start Path = D:\Projetos\2020\WebEstoqueTI-8050\Win32\Release\
Estoque_TI.exe: 00001B04: 07:37:09 [TUniServerModule]:Global Cache Folder Erased. <148> Files deleted.
Estoque_TI.exe: 00001B04: 07:37:09 [TUniServerModule]:Starting HTTP Server on Port: 8050...
Estoque_TI.exe: 00001B04: 07:37:09 [TUniServerModule]:HTTP Server Started on Port: 8050
Estoque_TI.exe: 000032EC: 08:52:58 []:>--------------------------------------------------------------<
Estoque_TI.exe: 000032EC: 08:52:58 [TUniServerModule]:Server First Init.
Estoque_TI.exe: 000032EC: 08:52:58 [TUniServerModule]:Start Path = D:\Projetos\2020\WebEstoqueTI-8050\Win32\Release\
Estoque_TI.exe: 000032EC: 08:52:59 [TUniServerModule]:Global Cache Folder Erased. <166> Files deleted.
Estoque_TI.exe: 000032EC: 08:52:59 [TUniServerModule]:Starting HTTP Server on Port: 8050...
Estoque_TI.exe: 000032EC: 08:52:59 [TUniServerModule]:HTTP Server Started on Port: 8050
Estoque_TI.exe: 000032EC: 08:53:24 [TUniServerModule]:Shutting Down Server.
Estoque_TI.exe: 000032EC: 08:53:24 [TUniServerModule]:Stopping HTTP Server.
Estoque_TI.exe: 000032EC: 08:53:25 [TUniServerModule]:HTTP Server Stopped.
Estoque_TI.exe: 000032EC: 08:53:25 [TUniGUISessionManager]:Terminating Session manager.
Estoque_TI.exe: 000032EC: 08:53:25 [TUniGUISessionManager]:Stopping Cache Eraser...
Estoque_TI.exe: 000032EC: 08:53:25 [TUniGUISessionManager]:Cache Eraser Stopped.
Estoque_TI.exe: 000032EC: 08:53:25 [TUniGUISessionManager]:Destroying Worker Threads.
Estoque_TI.exe: 000032EC: 08:53:25 [TUniGUISessionManager]:Session manager terminated.
Estoque_TI.exe: 000032EC: 08:53:30 [TUniServerModule]:Server Shutdown Completed.
Estoque_TI.exe: 000032EC: 08:53:30 []:<-------------------------------------------------------------->
Estoque_TI.exe: 000032EC: 08:53:30 [Terminated]:Exit Code: 0
