Estoque_TI.exe: 00003E54: 07:48:27 []:>--------------------------------------------------------------<
Estoque_TI.exe: 00003E54: 07:48:27 [TUniServerModule]:Server First Init.
Estoque_TI.exe: 00003E54: 07:48:27 [TUniServerModule]:Start Path = D:\Projetos\2020\WebEstoqueTI-8050\Win32\Release\
Estoque_TI.exe: 00003E54: 07:48:28 [TUniServerModule]:Global Cache Folder Erased. <166> Files deleted.
Estoque_TI.exe: 00003E54: 07:48:28 [TUniServerModule]:Starting HTTP Server on Port: 8050...
Estoque_TI.exe: 00003E54: 07:48:28 [TUniServerModule]:HTTP Server Started on Port: 8050
Estoque_TI.exe: 00003298: 07:49:31 []:>--------------------------------------------------------------<
Estoque_TI.exe: 00003298: 07:49:31 [TUniServerModule]:Server First Init.
Estoque_TI.exe: 00003298: 07:49:31 [TUniServerModule]:Start Path = D:\Projetos\2020\WebEstoqueTI-8050\Win32\Release\
Estoque_TI.exe: 00003298: 07:49:32 [TUniServerModule]:Global Cache Folder Erased. <154> Files deleted.
Estoque_TI.exe: 00003298: 07:49:32 [TUniServerModule]:Starting HTTP Server on Port: 8050...
Estoque_TI.exe: 00003298: 07:49:32 [TUniServerModule]:HTTP Server Started on Port: 8050
Estoque_TI.exe: 00001994: 07:49:36 [192.168.0.96]:EUniSessionException : Sessão inválida ou tempo limite da sessão. (Session not found: yfjptBFqMq1098D741A ) : Addr: $0080F396
Estoque_TI.exe: 00003F74: 08:06:38 [192.168.0.96]:EUniSessionException : Sessão inválida ou tempo limite da sessão. (Session not found: iCUphepEoq1098D7464 ) : Addr: $0080F396
Estoque_TI.exe: 00003570: 09:52:23 [192.168.0.96]:EUniSessionException : Sessão inválida ou tempo limite da sessão. (Session not found: BITNB86kHH1098D7904 ) : Addr: $0080F396
Estoque_TI.exe: 00003298: 14:48:38 [TUniServerModule]:Shutting Down Server.
Estoque_TI.exe: 00003298: 14:48:38 [TUniServerModule]:Stopping HTTP Server.
Estoque_TI.exe: 00003298: 14:48:39 [TUniServerModule]:HTTP Server Stopped.
Estoque_TI.exe: 00003298: 14:48:39 [TUniGUISessionManager]:Terminating Session manager.
Estoque_TI.exe: 00003298: 14:48:39 [TUniGUISessionManager]:Stopping Cache Eraser...
Estoque_TI.exe: 00003298: 14:48:39 [TUniGUISessionManager]:Cache Eraser Stopped.
Estoque_TI.exe: 00003298: 14:48:39 [TUniGUISessionManager]:Destroying Worker Threads.
Estoque_TI.exe: 00003298: 14:48:39 [TUniGUISessionManager]:Session manager terminated.
Estoque_TI.exe: 00003298: 14:48:39 [TUniServerModule]:Server Shutdown Completed.
Estoque_TI.exe: 00003298: 14:48:39 []:<-------------------------------------------------------------->
Estoque_TI.exe: 00003298: 14:48:39 [Terminated]:Exit Code: 0
Estoque_TI.exe: 00003730: 15:50:56 []:>--------------------------------------------------------------<
Estoque_TI.exe: 00003730: 15:50:56 [TUniServerModule]:Server First Init.
Estoque_TI.exe: 00003730: 15:50:56 [TUniServerModule]:Start Path = D:\Projetos\2020\WebEstoqueTI-8050\Win32\Release\
Estoque_TI.exe: 00003730: 15:50:56 [TUniServerModule]:Starting HTTP Server on Port: 8050...
Estoque_TI.exe: 00003730: 15:50:56 [TUniServerModule]:HTTP Server Started on Port: 8050
Estoque_TI.exe: 00003324: 15:57:14 []:>--------------------------------------------------------------<
Estoque_TI.exe: 00003324: 15:57:14 [TUniServerModule]:Server First Init.
Estoque_TI.exe: 00003324: 15:57:14 [TUniServerModule]:Start Path = D:\Projetos\2020\WebEstoqueTI-8050\Win32\Release\
Estoque_TI.exe: 00003324: 15:57:15 [TUniServerModule]:Global Cache Folder Erased. <148> Files deleted.
Estoque_TI.exe: 00003324: 15:57:15 [TUniServerModule]:Starting HTTP Server on Port: 8050...
Estoque_TI.exe: 00003324: 15:57:15 [TUniServerModule]:HTTP Server Started on Port: 8050
Estoque_TI.exe: 00000538: 15:58:41 []:>--------------------------------------------------------------<
Estoque_TI.exe: 00000538: 15:58:41 [TUniServerModule]:Server First Init.
Estoque_TI.exe: 00000538: 15:58:41 [TUniServerModule]:Start Path = D:\Projetos\2020\WebEstoqueTI-8050\Win32\Release\
Estoque_TI.exe: 00000538: 15:58:42 [TUniServerModule]:Global Cache Folder Erased. <157> Files deleted.
Estoque_TI.exe: 00000538: 15:58:42 [TUniServerModule]:Starting HTTP Server on Port: 8050...
Estoque_TI.exe: 00000538: 15:58:42 [TUniServerModule]:HTTP Server Started on Port: 8050
Estoque_TI.exe: 00003A4C: 16:03:25 []:>--------------------------------------------------------------<
Estoque_TI.exe: 00003A4C: 16:03:25 [TUniServerModule]:Server First Init.
Estoque_TI.exe: 00003A4C: 16:03:25 [TUniServerModule]:Start Path = D:\Projetos\2020\WebEstoqueTI-8050\Win32\Release\
Estoque_TI.exe: 00003A4C: 16:03:25 [TUniServerModule]:Global Cache Folder Erased. <1> Files deleted.
Estoque_TI.exe: 00003A4C: 16:03:25 [TUniServerModule]:Starting HTTP Server on Port: 8050...
Estoque_TI.exe: 00003A4C: 16:03:25 [TUniServerModule]:HTTP Server Started on Port: 8050
Estoque_TI.exe: 00003B4C: 16:03:29 []:>--------------------------------------------------------------<
Estoque_TI.exe: 00003B4C: 16:03:29 [TUniServerModule]:Server First Init.
Estoque_TI.exe: 00003B4C: 16:03:29 [TUniServerModule]:Start Path = D:\Projetos\2020\WebEstoqueTI-8050\Win32\Release\
Estoque_TI.exe: 00003B4C: 16:03:29 [TUniServerModule]:Global Cache Folder Erased. <1> Files deleted.
Estoque_TI.exe: 00003B4C: 16:03:29 [TUniServerModule]:Starting HTTP Server on Port: 8050...
Estoque_TI.exe: 00003B4C: 16:03:29 [TUniServerModule]:HTTP Server Started on Port: 8050
Estoque_TI.exe: 00001D1C: 16:03:31 [192.168.0.96]:EUniSessionException : Sessão inválida ou tempo limite da sessão. (Session not found: lLgPHOJkab1098DF8B1 ) : Addr: $0080F396
Estoque_TI.exe: 000000E8: 16:04:18 [HandleFileRequest[192.168.0.96]]:File not found: D:\Projetos\2020\WebEstoqueTI-8050\Win32\Release\favicon.ico
Estoque_TI.exe: 00003A50: 16:07:53 []:>--------------------------------------------------------------<
Estoque_TI.exe: 00003A50: 16:07:53 [TUniServerModule]:Server First Init.
Estoque_TI.exe: 00003A50: 16:07:53 [TUniServerModule]:Start Path = D:\Projetos\2020\WebEstoqueTI-8050\Win32\Release\
Estoque_TI.exe: 00003A50: 16:07:53 [TUniServerModule]:Global Cache Folder Erased. <148> Files deleted.
Estoque_TI.exe: 00003A50: 16:07:53 [TUniServerModule]:Starting HTTP Server on Port: 8050...
Estoque_TI.exe: 00003A50: 16:07:53 [TUniServerModule]:HTTP Server Started on Port: 8050
Estoque_TI.exe: 00002754: 16:09:25 []:>--------------------------------------------------------------<
Estoque_TI.exe: 00002754: 16:09:25 [TUniServerModule]:Server First Init.
Estoque_TI.exe: 00002754: 16:09:25 [TUniServerModule]:Start Path = D:\Projetos\2020\WebEstoqueTI-8050\Win32\Release\
Estoque_TI.exe: 00002754: 16:09:25 [TUniServerModule]:Global Cache Folder Erased. <1> Files deleted.
Estoque_TI.exe: 00002754: 16:09:25 [TUniServerModule]:Starting HTTP Server on Port: 8050...
Estoque_TI.exe: 00002754: 16:09:25 [TUniServerModule]:HTTP Server Started on Port: 8050
Estoque_TI.exe: 00002FA4: 16:10:46 []:>--------------------------------------------------------------<
Estoque_TI.exe: 00002FA4: 16:10:46 [TUniServerModule]:Server First Init.
Estoque_TI.exe: 00002FA4: 16:10:46 [TUniServerModule]:Start Path = D:\Projetos\2020\WebEstoqueTI-8050\Win32\Release\
Estoque_TI.exe: 00002FA4: 16:10:47 [TUniServerModule]:Global Cache Folder Erased. <147> Files deleted.
Estoque_TI.exe: 00002FA4: 16:10:47 [TUniServerModule]:Starting HTTP Server on Port: 8050...
Estoque_TI.exe: 00002FA4: 16:10:47 [TUniServerModule]:HTTP Server Started on Port: 8050
Estoque_TI.exe: 00000B00: 16:12:43 []:>--------------------------------------------------------------<
Estoque_TI.exe: 00000B00: 16:12:43 [TUniServerModule]:Server First Init.
Estoque_TI.exe: 00000B00: 16:12:43 [TUniServerModule]:Start Path = D:\Projetos\2020\WebEstoqueTI-8050\Win32\Release\
Estoque_TI.exe: 00000B00: 16:12:44 [TUniServerModule]:Global Cache Folder Erased. <147> Files deleted.
Estoque_TI.exe: 00000B00: 16:12:44 [TUniServerModule]:Starting HTTP Server on Port: 8050...
Estoque_TI.exe: 00000B00: 16:12:44 [TUniServerModule]:HTTP Server Started on Port: 8050
Estoque_TI.exe: 00003090: 16:17:05 []:>--------------------------------------------------------------<
Estoque_TI.exe: 00003090: 16:17:05 [TUniServerModule]:Server First Init.
Estoque_TI.exe: 00003090: 16:17:05 [TUniServerModule]:Start Path = D:\Projetos\2020\WebEstoqueTI-8050\Win32\Release\
Estoque_TI.exe: 00003090: 16:17:05 [TUniServerModule]:Global Cache Folder Erased. <1> Files deleted.
Estoque_TI.exe: 00003090: 16:17:05 [TUniServerModule]:Starting HTTP Server on Port: 8050...
Estoque_TI.exe: 00003090: 16:17:05 [TUniServerModule]:HTTP Server Started on Port: 8050
Estoque_TI.exe: 00003090: 16:18:37 [TUniServerModule]:Shutting Down Server.
Estoque_TI.exe: 00003090: 16:18:37 [TUniServerModule]:Stopping HTTP Server.
Estoque_TI.exe: 00003090: 16:18:38 [TUniServerModule]:HTTP Server Stopped.
Estoque_TI.exe: 00003090: 16:18:38 [TUniGUISessionManager]:Terminating Session manager.
Estoque_TI.exe: 00003090: 16:18:38 [TUniGUISessionManager]:Stopping Cache Eraser...
Estoque_TI.exe: 00003090: 16:18:38 [TUniGUISessionManager]:Cache Eraser Stopped.
Estoque_TI.exe: 00003090: 16:18:38 [TUniGUISessionManager]:Destroying Worker Threads.
Estoque_TI.exe: 00003090: 16:18:38 [TUniGUISessionManager]:Session manager terminated.
Estoque_TI.exe: 00003090: 16:18:38 [TUniServerModule]:Server Shutdown Completed.
Estoque_TI.exe: 00003090: 16:18:38 []:<-------------------------------------------------------------->
Estoque_TI.exe: 00003090: 16:18:38 [Terminated]:Exit Code: 0
Estoque_TI.exe: 000028A8: 16:20:00 []:>--------------------------------------------------------------<
Estoque_TI.exe: 000028A8: 16:20:00 [TUniServerModule]:Server First Init.
Estoque_TI.exe: 000028A8: 16:20:00 [TUniServerModule]:Start Path = D:\Projetos\2020\WebEstoqueTI-8050\Win32\Release\
Estoque_TI.exe: 000028A8: 16:20:00 [TUniServerModule]:Starting HTTP Server on Port: 8050...
Estoque_TI.exe: 000028A8: 16:20:00 [TUniServerModule]:HTTP Server Started on Port: 8050
Estoque_TI.exe: 00000FFC: 16:20:01 [127.0.0.1]:EUniSessionException : Sessão inválida ou tempo limite da sessão. (Session not found: HGsJlUgZ1E1098DFE8A ) : Addr: $0080F396
Estoque_TI.exe: 00002934: 16:20:01 [127.0.0.1]:EUniSessionException : Sessão inválida ou tempo limite da sessão. (Session not found: HGsJlUgZ1E1098DFE8A ) : Addr: $0080F396
Estoque_TI.exe: 00003ED8: 16:22:17 []:>--------------------------------------------------------------<
Estoque_TI.exe: 00003ED8: 16:22:17 [TUniServerModule]:Server First Init.
Estoque_TI.exe: 00003ED8: 16:22:17 [TUniServerModule]:Start Path = D:\Projetos\2020\WebEstoqueTI-8050\Win32\Release\
Estoque_TI.exe: 00003ED8: 16:22:17 [TUniServerModule]:Global Cache Folder Erased. <156> Files deleted.
Estoque_TI.exe: 00003ED8: 16:22:17 [TUniServerModule]:Starting HTTP Server on Port: 8050...
Estoque_TI.exe: 00003ED8: 16:22:17 [TUniServerModule]:HTTP Server Started on Port: 8050
Estoque_TI.exe: 0000376C: 16:22:58 [127.0.0.1]:EUniSessionException : Sessão inválida ou tempo limite da sessão. (Session not found: Zm1KTYrZyQ1098DFEDB ) : Addr: $0080F396
Estoque_TI.exe: 00002174: 16:23:32 [HandleFileRequest[127.0.0.1]]:File not found: D:\Projetos\2020\WebEstoqueTI-8050\Win32\Release\favicon.ico
Estoque_TI.exe: 000031B4: 16:30:40 []:>--------------------------------------------------------------<
Estoque_TI.exe: 000031B4: 16:30:40 [TUniServerModule]:Server First Init.
Estoque_TI.exe: 000031B4: 16:30:40 [TUniServerModule]:Start Path = D:\Projetos\2020\WebEstoqueTI-8050\Win32\Release\
Estoque_TI.exe: 000031B4: 16:30:41 [TUniServerModule]:Global Cache Folder Erased. <150> Files deleted.
Estoque_TI.exe: 000031B4: 16:30:41 [TUniServerModule]:Starting HTTP Server on Port: 8050...
Estoque_TI.exe: 000031B4: 16:30:41 [TUniServerModule]:HTTP Server Started on Port: 8050
Estoque_TI.exe: 00000834: 16:31:35 []:>--------------------------------------------------------------<
Estoque_TI.exe: 00000834: 16:31:35 [TUniServerModule]:Server First Init.
Estoque_TI.exe: 00000834: 16:31:35 [TUniServerModule]:Start Path = D:\Projetos\2020\WebEstoqueTI-8050\Win32\Release\
Estoque_TI.exe: 00000834: 16:31:35 [TUniServerModule]:Global Cache Folder Erased. <1> Files deleted.
Estoque_TI.exe: 00000834: 16:31:35 [TUniServerModule]:Starting HTTP Server on Port: 8050...
Estoque_TI.exe: 00000834: 16:31:35 [TUniServerModule]:HTTP Server Started on Port: 8050
Estoque_TI.exe: 00003EB0: 16:35:41 []:>--------------------------------------------------------------<
Estoque_TI.exe: 00003EB0: 16:35:41 [TUniServerModule]:Server First Init.
Estoque_TI.exe: 00003EB0: 16:35:41 [TUniServerModule]:Start Path = D:\Projetos\2020\WebEstoqueTI-8050\Win32\Release\
Estoque_TI.exe: 00003EB0: 16:35:41 [TUniServerModule]:Global Cache Folder Erased. <1> Files deleted.
Estoque_TI.exe: 00003EB0: 16:35:41 [TUniServerModule]:Starting HTTP Server on Port: 8050...
Estoque_TI.exe: 00003EB0: 16:35:41 [TUniServerModule]:HTTP Server Started on Port: 8050
Estoque_TI.exe: 00002F74: 16:35:42 [127.0.0.1]:EUniSessionException : Sessão inválida ou tempo limite da sessão. (Session not found: ImcmhB8puj1098DFFD5 ) : Addr: $0080F396
Estoque_TI.exe: 00000A90: 16:39:38 []:>--------------------------------------------------------------<
Estoque_TI.exe: 00000A90: 16:39:38 [TUniServerModule]:Server First Init.
Estoque_TI.exe: 00000A90: 16:39:38 [TUniServerModule]:Start Path = D:\Projetos\2020\WebEstoqueTI-8050\Win32\Release\
Estoque_TI.exe: 00000A90: 16:39:39 [TUniServerModule]:Global Cache Folder Erased. <161> Files deleted.
Estoque_TI.exe: 00000A90: 16:39:39 [TUniServerModule]:Starting HTTP Server on Port: 8050...
Estoque_TI.exe: 00000A90: 16:39:39 [TUniServerModule]:HTTP Server Started on Port: 8050
Estoque_TI.exe: 00003494: 16:39:46 [127.0.0.1]:EUniSessionException : Sessão inválida ou tempo limite da sessão. (Session not found: Uu89efwqms1098E031A ) : Addr: $0080F396
Estoque_TI.exe: 00003098: 16:39:46 [127.0.0.1]:EUniSessionException : Sessão inválida ou tempo limite da sessão. (Session not found: Uu89efwqms1098E031A ) : Addr: $0080F396
Estoque_TI.exe: 00002458: 16:56:55 []:>--------------------------------------------------------------<
Estoque_TI.exe: 00002458: 16:56:55 [TUniServerModule]:Server First Init.
Estoque_TI.exe: 00002458: 16:56:55 [TUniServerModule]:Start Path = D:\Projetos\2020\WebEstoqueTI-8050\Win32\Release\
Estoque_TI.exe: 00002458: 16:56:56 [TUniServerModule]:Global Cache Folder Erased. <148> Files deleted.
Estoque_TI.exe: 00002458: 16:56:56 [TUniServerModule]:Starting HTTP Server on Port: 8050...
Estoque_TI.exe: 00002458: 16:56:56 [TUniServerModule]:HTTP Server Started on Port: 8050
Estoque_TI.exe: 00000850: 17:12:56 []:>--------------------------------------------------------------<
Estoque_TI.exe: 00000850: 17:12:56 [TUniServerModule]:Server First Init.
Estoque_TI.exe: 00000850: 17:12:56 [TUniServerModule]:Start Path = D:\Projetos\2020\WebEstoqueTI-8050\Win32\Release\
Estoque_TI.exe: 00000850: 17:12:56 [TUniServerModule]:Global Cache Folder Erased. <1> Files deleted.
Estoque_TI.exe: 00000850: 17:12:56 [TUniServerModule]:Starting HTTP Server on Port: 8050...
Estoque_TI.exe: 00000850: 17:12:56 [TUniServerModule]:HTTP Server Started on Port: 8050
Estoque_TI.exe: 00003BE8: 17:22:09 [127.0.0.1]:EUniSessionException : Sessão inválida ou tempo limite da sessão. (Session not found: 7FtgGfZpip1098E04B5 ) : Addr: $0080F396
Estoque_TI.exe: 00001124: 17:23:36 []:>--------------------------------------------------------------<
Estoque_TI.exe: 00001124: 17:23:36 [TUniServerModule]:Server First Init.
Estoque_TI.exe: 00001124: 17:23:36 [TUniServerModule]:Start Path = D:\Projetos\2020\WebEstoqueTI-8050\Win32\Release\
Estoque_TI.exe: 00001124: 17:23:37 [TUniServerModule]:Global Cache Folder Erased. <154> Files deleted.
Estoque_TI.exe: 00001124: 17:23:37 [TUniServerModule]:Starting HTTP Server on Port: 8050...
Estoque_TI.exe: 00001124: 17:23:37 [TUniServerModule]:HTTP Server Started on Port: 8050
Estoque_TI.exe: 00000934: 17:23:38 [127.0.0.1]:EUniSessionException : Sessão inválida ou tempo limite da sessão. (Session not found: TvTHcAr2uS1098E0FB4 ) : Addr: $0080F396
Estoque_TI.exe: 00001124: 17:24:59 [TUniServerModule]:Shutting Down Server.
Estoque_TI.exe: 00001124: 17:24:59 [TUniServerModule]:Stopping HTTP Server.
Estoque_TI.exe: 00001124: 17:25:00 [TUniServerModule]:HTTP Server Stopped.
Estoque_TI.exe: 00001124: 17:25:00 [TUniGUISessionManager]:Terminating Session manager.
Estoque_TI.exe: 00001124: 17:25:00 [TUniGUISessionManager]:Stopping Cache Eraser...
Estoque_TI.exe: 00001124: 17:25:00 [TUniGUISessionManager]:Cache Eraser Stopped.
Estoque_TI.exe: 00001124: 17:25:00 [TUniGUISessionManager]:Destroying Worker Threads.
Estoque_TI.exe: 00001124: 17:25:00 [TUniGUISessionManager]:Session manager terminated.
Estoque_TI.exe: 00001124: 17:25:00 [TUniServerModule]:Server Shutdown Completed.
Estoque_TI.exe: 00001124: 17:25:00 []:<-------------------------------------------------------------->
Estoque_TI.exe: 00001124: 17:25:00 [Terminated]:Exit Code: 0
Estoque_TI.exe: 00000A9C: 17:25:12 []:>--------------------------------------------------------------<
Estoque_TI.exe: 00000A9C: 17:25:12 [TUniServerModule]:Server First Init.
Estoque_TI.exe: 00000A9C: 17:25:12 [TUniServerModule]:Start Path = D:\Projetos\2020\WebEstoqueTI-8050\Win32\Release\
Estoque_TI.exe: 00000A9C: 17:25:12 [TUniServerModule]:Starting HTTP Server on Port: 8050...
Estoque_TI.exe: 00000A9C: 17:25:12 [TUniServerModule]:HTTP Server Started on Port: 8050
Estoque_TI.exe: 00000958: 17:25:16 [127.0.0.1]:EUniSessionException : Sessão inválida ou tempo limite da sessão. (Session not found: OPAH3UAtij1098E101B ) : Addr: $0080F396
Estoque_TI.exe: 000018A8: 17:25:44 []:>--------------------------------------------------------------<
Estoque_TI.exe: 000018A8: 17:25:44 [TUniServerModule]:Server First Init.
Estoque_TI.exe: 000018A8: 17:25:44 [TUniServerModule]:Start Path = D:\Projetos\2020\WebEstoqueTI-8050\Win32\Release\
Estoque_TI.exe: 000018A8: 17:25:44 [TUniServerModule]:Global Cache Folder Erased. <156> Files deleted.
Estoque_TI.exe: 000018A8: 17:25:44 [TUniServerModule]:Starting HTTP Server on Port: 8050...
Estoque_TI.exe: 000018A8: 17:25:44 [TUniServerModule]:HTTP Server Started on Port: 8050
Estoque_TI.exe: 00003AF4: 17:25:48 [127.0.0.1]:EUniSessionException : Sessão inválida ou tempo limite da sessão. (Session not found: wRGlLc2o8w1098E108C ) : Addr: $0080F396
Estoque_TI.exe: 00001E38: 17:27:51 []:>--------------------------------------------------------------<
Estoque_TI.exe: 00001E38: 17:27:51 [TUniServerModule]:Server First Init.
Estoque_TI.exe: 00001E38: 17:27:51 [TUniServerModule]:Start Path = D:\Projetos\2020\WebEstoqueTI-8050\Win32\Release\
Estoque_TI.exe: 00001E38: 17:27:51 [TUniServerModule]:Global Cache Folder Erased. <156> Files deleted.
Estoque_TI.exe: 00001E38: 17:27:51 [TUniServerModule]:Starting HTTP Server on Port: 8050...
Estoque_TI.exe: 00001E38: 17:27:51 [TUniServerModule]:HTTP Server Started on Port: 8050
Estoque_TI.exe: 00000FF8: 17:28:00 [127.0.0.1]:EUniSessionException : Sessão inválida ou tempo limite da sessão. (Session not found: BwTI7qJjXL1098E10B3 ) : Addr: $0080F396
