Estoque_TI.exe: 00001DBC: 13:56:14 []:>--------------------------------------------------------------<
Estoque_TI.exe: 00001DBC: 13:56:14 [TUniServerModule]:Server First Init.
Estoque_TI.exe: 00001DBC: 13:56:14 [TUniServerModule]:Start Path = D:\Projetos\2020\WebEstoqueTI-8050\Win32\Release\
Estoque_TI.exe: 00001DBC: 13:56:14 [TUniServerModule]:Starting HTTP Server on Port: 8050...
Estoque_TI.exe: 00001DBC: 13:56:14 [TUniServerModule]:HTTP Server Started on Port: 8050
Estoque_TI.exe: 00001DBC: 14:05:02 [TUniServerModule]:Shutting Down Server.
Estoque_TI.exe: 00001DBC: 14:05:02 [TUniServerModule]:Stopping HTTP Server.
Estoque_TI.exe: 00001DBC: 14:05:02 [TUniServerModule]:HTTP Server Stopped.
Estoque_TI.exe: 00001DBC: 14:05:02 [TUniGUISessionManager]:Terminating Session manager.
Estoque_TI.exe: 00001DBC: 14:05:02 [TUniGUISessionManager]:Stopping Cache Eraser...
Estoque_TI.exe: 00001DBC: 14:05:02 [TUniGUISessionManager]:Cache Eraser Stopped.
Estoque_TI.exe: 00001DBC: 14:05:03 [TUniGUISessionManager]:Destroying Worker Threads.
Estoque_TI.exe: 00001DBC: 14:05:03 [TUniGUISessionManager]:Session manager terminated.
Estoque_TI.exe: 00001DBC: 14:05:08 [TUniServerModule]:Server Shutdown Completed.
Estoque_TI.exe: 00001DBC: 14:05:08 []:<-------------------------------------------------------------->
Estoque_TI.exe: 00001DBC: 14:05:08 [Terminated]:Exit Code: 0
Estoque_TI.exe: 00003C44: 14:18:58 []:>--------------------------------------------------------------<
Estoque_TI.exe: 00003C44: 14:18:58 [TUniServerModule]:Server First Init.
Estoque_TI.exe: 00003C44: 14:18:58 [TUniServerModule]:Start Path = D:\Projetos\2020\WebEstoqueTI-8050\Win32\Release\
Estoque_TI.exe: 00003C44: 14:18:58 [TUniServerModule]:Starting HTTP Server on Port: 8050...
Estoque_TI.exe: 00003C44: 14:18:58 [TUniServerModule]:HTTP Server Started on Port: 8050
Estoque_TI.exe: 00003C44: 14:19:08 [TUniServerModule]:Shutting Down Server.
Estoque_TI.exe: 00003C44: 14:19:08 [TUniServerModule]:Stopping HTTP Server.
Estoque_TI.exe: 00003C44: 14:19:09 [TUniServerModule]:HTTP Server Stopped.
Estoque_TI.exe: 00003C44: 14:19:09 [TUniGUISessionManager]:Terminating Session manager.
Estoque_TI.exe: 00003C44: 14:19:09 [TUniGUISessionManager]:Stopping Cache Eraser...
Estoque_TI.exe: 00003C44: 14:19:09 [TUniGUISessionManager]:Cache Eraser Stopped.
Estoque_TI.exe: 00003C44: 14:19:09 [TUniGUISessionManager]:Destroying Worker Threads.
Estoque_TI.exe: 00003C44: 14:19:09 [TUniGUISessionManager]:Session manager terminated.
Estoque_TI.exe: 00003C44: 14:19:09 [TUniServerModule]:Server Shutdown Completed.
Estoque_TI.exe: 00003C44: 14:19:09 []:<-------------------------------------------------------------->
Estoque_TI.exe: 00003C44: 14:19:09 [Terminated]:Exit Code: 0
Estoque_TI.exe: 00004058: 14:19:28 []:>--------------------------------------------------------------<
Estoque_TI.exe: 00004058: 14:19:28 [TUniServerModule]:Server First Init.
Estoque_TI.exe: 00004058: 14:19:28 [TUniServerModule]:Start Path = D:\Projetos\2020\WebEstoqueTI-8050\Win32\Release\
Estoque_TI.exe: 00004058: 14:19:28 [TUniServerModule]:Starting HTTP Server on Port: 8050...
Estoque_TI.exe: 00004058: 14:19:28 [TUniServerModule]:HTTP Server Started on Port: 8050
Estoque_TI.exe: 00004058: 14:21:35 [TUniServerModule]:Shutting Down Server.
Estoque_TI.exe: 00004058: 14:21:35 [TUniServerModule]:Stopping HTTP Server.
Estoque_TI.exe: 00004058: 14:21:36 [TUniServerModule]:HTTP Server Stopped.
Estoque_TI.exe: 00004058: 14:21:36 [TUniGUISessionManager]:Terminating Session manager.
Estoque_TI.exe: 00004058: 14:21:36 [TUniGUISessionManager]:Stopping Cache Eraser...
Estoque_TI.exe: 00004058: 14:21:36 [TUniGUISessionManager]:Cache Eraser Stopped.
Estoque_TI.exe: 00004058: 14:21:36 [TUniGUISessionManager]:Destroying Worker Threads.
Estoque_TI.exe: 00004058: 14:21:36 [TUniGUISessionManager]:Session manager terminated.
Estoque_TI.exe: 00004058: 14:21:42 [TUniServerModule]:Server Shutdown Completed.
Estoque_TI.exe: 00004058: 14:21:42 []:<-------------------------------------------------------------->
Estoque_TI.exe: 00004058: 14:21:42 [Terminated]:Exit Code: 0
Estoque_TI.exe: 00003EE4: 14:25:56 []:>--------------------------------------------------------------<
Estoque_TI.exe: 00003EE4: 14:25:56 [TUniServerModule]:Server First Init.
Estoque_TI.exe: 00003EE4: 14:25:56 [TUniServerModule]:Start Path = D:\Projetos\2020\WebEstoqueTI-8050\Win32\Release\
Estoque_TI.exe: 00003EE4: 14:25:56 [TUniServerModule]:Starting HTTP Server on Port: 8050...
Estoque_TI.exe: 00003EE4: 14:25:56 [TUniServerModule]:HTTP Server Started on Port: 8050
Estoque_TI.exe: 00003EE4: 14:35:43 [TUniServerModule]:Shutting Down Server.
Estoque_TI.exe: 00003EE4: 14:35:43 [TUniServerModule]:Stopping HTTP Server.
Estoque_TI.exe: 00003EE4: 14:35:44 [TUniServerModule]:HTTP Server Stopped.
Estoque_TI.exe: 00003EE4: 14:35:44 [TUniGUISessionManager]:Terminating Session manager.
Estoque_TI.exe: 00003EE4: 14:35:44 [TUniGUISessionManager]:Stopping Cache Eraser...
Estoque_TI.exe: 00003EE4: 14:35:44 [TUniGUISessionManager]:Cache Eraser Stopped.
Estoque_TI.exe: 00003EE4: 14:35:44 [TUniGUISessionManager]:Destroying Worker Threads.
Estoque_TI.exe: 00003EE4: 14:35:44 [TUniGUISessionManager]:Session manager terminated.
Estoque_TI.exe: 00003EE4: 14:35:50 [TUniServerModule]:Server Shutdown Completed.
Estoque_TI.exe: 00003EE4: 14:35:50 []:<-------------------------------------------------------------->
Estoque_TI.exe: 00003EE4: 14:35:50 [Terminated]:Exit Code: 0
Estoque_TI.exe: 00003FCC: 14:37:11 []:>--------------------------------------------------------------<
Estoque_TI.exe: 00003FCC: 14:37:11 [TUniServerModule]:Server First Init.
Estoque_TI.exe: 00003FCC: 14:37:11 [TUniServerModule]:Start Path = D:\Projetos\2020\WebEstoqueTI-8050\Win32\Release\
Estoque_TI.exe: 00003FCC: 14:37:12 [TUniServerModule]:Starting HTTP Server on Port: 8050...
Estoque_TI.exe: 00003FCC: 14:37:12 [TUniServerModule]:HTTP Server Started on Port: 8050
Estoque_TI.exe: 00003FCC: 14:38:20 [TUniServerModule]:Shutting Down Server.
Estoque_TI.exe: 00003FCC: 14:38:20 [TUniServerModule]:Stopping HTTP Server.
Estoque_TI.exe: 00003FCC: 14:38:21 [TUniServerModule]:HTTP Server Stopped.
Estoque_TI.exe: 00003FCC: 14:38:21 [TUniGUISessionManager]:Terminating Session manager.
Estoque_TI.exe: 00003FCC: 14:38:21 [TUniGUISessionManager]:Stopping Cache Eraser...
Estoque_TI.exe: 00003FCC: 14:38:21 [TUniGUISessionManager]:Cache Eraser Stopped.
Estoque_TI.exe: 00003FCC: 14:38:21 [TUniGUISessionManager]:Destroying Worker Threads.
Estoque_TI.exe: 00003FCC: 14:38:21 [TUniGUISessionManager]:Session manager terminated.
Estoque_TI.exe: 00003FCC: 14:38:21 [TUniServerModule]:Server Shutdown Completed.
Estoque_TI.exe: 00003FCC: 14:38:21 []:<-------------------------------------------------------------->
Estoque_TI.exe: 00003FCC: 14:38:21 [Terminated]:Exit Code: 0
Estoque_TI.exe: 00000594: 14:38:43 []:>--------------------------------------------------------------<
Estoque_TI.exe: 00000594: 14:38:43 [TUniServerModule]:Server First Init.
Estoque_TI.exe: 00000594: 14:38:43 [TUniServerModule]:Start Path = D:\Projetos\2020\WebEstoqueTI-8050\Win32\Release\
Estoque_TI.exe: 00000594: 14:38:43 [TUniServerModule]:Starting HTTP Server on Port: 8050...
Estoque_TI.exe: 00000594: 14:38:43 [TUniServerModule]:HTTP Server Started on Port: 8050
Estoque_TI.exe: 00000594: 15:39:33 [TUniServerModule]:Shutting Down Server.
Estoque_TI.exe: 00000594: 15:39:33 [TUniServerModule]:Stopping HTTP Server.
Estoque_TI.exe: 00000594: 15:39:33 [TUniServerModule]:HTTP Server Stopped.
Estoque_TI.exe: 00000594: 15:39:33 [TUniGUISessionManager]:Terminating Session manager.
Estoque_TI.exe: 00000594: 15:39:33 [TUniGUISessionManager]:Stopping Cache Eraser...
Estoque_TI.exe: 00000594: 15:39:33 [TUniGUISessionManager]:Cache Eraser Stopped.
Estoque_TI.exe: 00000594: 15:39:33 [TUniGUISessionManager]:Destroying Worker Threads.
Estoque_TI.exe: 00000594: 15:39:33 [TUniGUISessionManager]:Session manager terminated.
Estoque_TI.exe: 00000594: 15:39:33 [TUniServerModule]:Server Shutdown Completed.
Estoque_TI.exe: 00000594: 15:39:33 []:<-------------------------------------------------------------->
Estoque_TI.exe: 00000594: 15:39:33 [Terminated]:Exit Code: 0
