Estoque_TI.exe: 0000396C: 08:51:46 []:>--------------------------------------------------------------<
Estoque_TI.exe: 0000396C: 08:51:46 [TUniServerModule]:Server First Init.
Estoque_TI.exe: 0000396C: 08:51:46 [TUniServerModule]:Start Path = D:\Projetos\2020\WebEstoqueTI-8050\Win32\Release\
Estoque_TI.exe: 0000396C: 08:51:46 [TUniServerModule]:Starting HTTP Server on Port: 8050...
Estoque_TI.exe: 0000396C: 08:51:46 [TUniServerModule]:HTTP Server Started on Port: 8050
Estoque_TI.exe: 0000396C: 08:52:19 [TUniServerModule]:Shutting Down Server.
Estoque_TI.exe: 0000396C: 08:52:19 [TUniServerModule]:Stopping HTTP Server.
Estoque_TI.exe: 000031D0: 08:52:21 [192.168.0.96]:Exception : Pooler not found : Addr: $00A0527C
Estoque_TI.exe: 0000396C: 08:52:22 [TUniServerModule]:HTTP Server Stopped.
Estoque_TI.exe: 0000396C: 08:52:22 [TUniGUISessionManager]:Terminating Session manager.
Estoque_TI.exe: 0000396C: 08:52:22 [TUniGUISessionManager]:Stopping Cache Eraser...
Estoque_TI.exe: 0000396C: 08:52:22 [TUniGUISessionManager]:Cache Eraser Stopped.
Estoque_TI.exe: 0000396C: 08:52:22 [TUniGUISessionManager]:Destroying Worker Threads.
Estoque_TI.exe: 0000396C: 08:52:22 [TUniGUISessionManager]:Session manager terminated.
Estoque_TI.exe: 0000396C: 08:52:28 [TUniServerModule]:Server Shutdown Completed.
Estoque_TI.exe: 0000396C: 08:52:28 []:<-------------------------------------------------------------->
Estoque_TI.exe: 0000396C: 08:52:28 [Terminated]:Exit Code: 0
Estoque_TI.exe: 00000D20: 08:53:05 []:>--------------------------------------------------------------<
Estoque_TI.exe: 00000D20: 08:53:05 [TUniServerModule]:Server First Init.
Estoque_TI.exe: 00000D20: 08:53:05 [TUniServerModule]:Start Path = D:\Projetos\2020\WebEstoqueTI-8050\Win32\Release\
Estoque_TI.exe: 00000D20: 08:53:05 [TUniServerModule]:Starting HTTP Server on Port: 8050...
Estoque_TI.exe: 00000D20: 08:53:05 [TUniServerModule]:HTTP Server Started on Port: 8050
Estoque_TI.exe: 00003BD4: 08:53:35 [192.168.0.96]:Exception : Pooler not found : Addr: $00A0527C
Estoque_TI.exe: 00003BD4: 08:59:00 [192.168.0.96]:Exception : Pooler not found : Addr: $00A0527C
Estoque_TI.exe: 00003BD4: 09:02:13 [192.168.0.96]:Exception : Pooler not found : Addr: $00A0527C
Estoque_TI.exe: 00003BD4: 09:02:40 [192.168.0.96]:Exception : Pooler not found : Addr: $00A0527C
Estoque_TI.exe: 00003BD4: 09:03:41 [192.168.0.96]:Exception : Pooler not found : Addr: $00A0527C
Estoque_TI.exe: 0000238C: 09:03:53 [192.168.0.96]:Exception : Pooler not found : Addr: $00A0527C
Estoque_TI.exe: 0000238C: 09:05:42 [192.168.0.96]:Exception : Socket Error # 10060
Connection timed out. : Addr: $00A0D262
Estoque_TI.exe: 00000D20: 09:20:42 [TUniServerModule]:Shutting Down Server.
Estoque_TI.exe: 00000D20: 09:20:42 [TUniServerModule]:Stopping HTTP Server.
Estoque_TI.exe: 00000D20: 09:20:43 [TUniServerModule]:HTTP Server Stopped.
Estoque_TI.exe: 00000D20: 09:20:43 [TUniGUISessionManager]:Terminating Session manager.
Estoque_TI.exe: 00000D20: 09:20:43 [TUniGUISessionManager]:Stopping Cache Eraser...
Estoque_TI.exe: 00000D20: 09:20:43 [TUniGUISessionManager]:Cache Eraser Stopped.
Estoque_TI.exe: 00000D20: 09:20:43 [TUniGUISessionManager]:Destroying Worker Threads.
Estoque_TI.exe: 00000D20: 09:20:43 [TUniGUISessionManager]:Session manager terminated.
Estoque_TI.exe: 00000D20: 09:20:48 [TUniServerModule]:Server Shutdown Completed.
Estoque_TI.exe: 00000D20: 09:20:49 []:<-------------------------------------------------------------->
Estoque_TI.exe: 00000D20: 09:20:49 [Terminated]:Exit Code: 0
