Estoque_TI.exe: 00000874: 10:15:23 []:>--------------------------------------------------------------<
Estoque_TI.exe: 00000874: 10:15:23 [TUniServerModule]:Server First Init.
Estoque_TI.exe: 00000874: 10:15:23 [TUniServerModule]:Start Path = D:\Projetos\2020\WebEstoqueTI-8050\Win32\Release\
Estoque_TI.exe: 00000874: 10:15:23 [TUniServerModule]:Starting HTTP Server on Port: 8050...
Estoque_TI.exe: 00000874: 10:15:23 [TUniServerModule]:HTTP Server Started on Port: 8050
Estoque_TI.exe: 000032B4: 10:18:22 []:>--------------------------------------------------------------<
Estoque_TI.exe: 000032B4: 10:18:22 [TUniServerModule]:Server First Init.
Estoque_TI.exe: 000032B4: 10:18:22 [TUniServerModule]:Start Path = D:\Projetos\2020\WebEstoqueTI-8050\Win32\Release\
Estoque_TI.exe: 000032B4: 10:18:22 [TUniServerModule]:Global Cache Folder Erased. <1> Files deleted.
Estoque_TI.exe: 000032B4: 10:18:22 [TUniServerModule]:Starting HTTP Server on Port: 8050...
Estoque_TI.exe: 000032B4: 10:18:22 [InitWebServer]:EIdCouldNotBindSocket : Could not bind socket. : Addr: $00704541
Estoque_TI.exe: 00000874: 10:18:28 [TUniServerModule]:Shutting Down Server.
Estoque_TI.exe: 00000874: 10:18:28 [TUniServerModule]:Stopping HTTP Server.
Estoque_TI.exe: 00000874: 10:18:28 [TUniServerModule]:HTTP Server Stopped.
Estoque_TI.exe: 00000874: 10:18:28 [TUniGUISessionManager]:Terminating Session manager.
Estoque_TI.exe: 00000874: 10:18:28 [TUniGUISessionManager]:Stopping Cache Eraser...
Estoque_TI.exe: 00000874: 10:18:28 [TUniGUISessionManager]:Cache Eraser Stopped.
Estoque_TI.exe: 00000874: 10:18:28 [TUniGUISessionManager]:Destroying Worker Threads.
Estoque_TI.exe: 00000874: 10:18:28 [TUniGUISessionManager]:Session manager terminated.
Estoque_TI.exe: 00000874: 10:18:28 [TUniServerModule]:Server Shutdown Completed.
Estoque_TI.exe: 00000874: 10:18:28 []:<-------------------------------------------------------------->
Estoque_TI.exe: 00000874: 10:18:28 [Terminated]:Exit Code: 0
Estoque_TI.exe: 000032B4: 10:18:32 [TUniServerModule]:Shutting Down Server.
Estoque_TI.exe: 000032B4: 10:18:32 [TUniServerModule]:Stopping HTTP Server.
Estoque_TI.exe: 000032B4: 10:18:32 [TUniServerModule]:HTTP Server Stopped.
Estoque_TI.exe: 000032B4: 10:18:32 [TUniGUISessionManager]:Terminating Session manager.
Estoque_TI.exe: 000032B4: 10:18:32 [TUniGUISessionManager]:Stopping Cache Eraser...
Estoque_TI.exe: 000032B4: 10:18:32 [TUniGUISessionManager]:Cache Eraser Stopped.
Estoque_TI.exe: 000032B4: 10:18:32 [TUniGUISessionManager]:Destroying Worker Threads.
Estoque_TI.exe: 000032B4: 10:18:32 [TUniGUISessionManager]:Session manager terminated.
Estoque_TI.exe: 000032B4: 10:18:32 [TUniServerModule]:Server Shutdown Completed.
Estoque_TI.exe: 000032B4: 10:18:32 []:<-------------------------------------------------------------->
Estoque_TI.exe: 000032B4: 10:18:32 [Terminated]:Exit Code: 0
