Estoque_TI.exe: 00000778: 11:41:50 []:>--------------------------------------------------------------<
Estoque_TI.exe: 00000778: 11:41:50 [TUniServerModule]:Server First Init.
Estoque_TI.exe: 00000778: 11:41:50 [TUniServerModule]:Start Path = D:\Projetos\2020\WebEstoqueTI-8050\Win32\Release\
Estoque_TI.exe: 00000778: 11:41:51 [TUniServerModule]:Global Cache Folder Erased. <153> Files deleted.
Estoque_TI.exe: 00000778: 11:41:51 [TUniServerModule]:Starting HTTP Server on Port: 8050...
Estoque_TI.exe: 00000778: 11:41:51 [TUniServerModule]:HTTP Server Started on Port: 8050
Estoque_TI.exe: 00000778: 11:41:55 [TUniServerModule]:Shutting Down Server.
Estoque_TI.exe: 00000778: 11:41:55 [TUniServerModule]:Stopping HTTP Server.
Estoque_TI.exe: 00000778: 11:41:55 [TUniServerModule]:HTTP Server Stopped.
Estoque_TI.exe: 00000778: 11:41:55 [TUniGUISessionManager]:Terminating Session manager.
Estoque_TI.exe: 00000778: 11:41:55 [TUniGUISessionManager]:Stopping Cache Eraser...
Estoque_TI.exe: 00000778: 11:41:55 [TUniGUISessionManager]:Cache Eraser Stopped.
Estoque_TI.exe: 00000778: 11:41:55 [TUniGUISessionManager]:Destroying Worker Threads.
Estoque_TI.exe: 00000778: 11:41:55 [TUniGUISessionManager]:Session manager terminated.
Estoque_TI.exe: 00000778: 11:41:55 [TUniServerModule]:Server Shutdown Completed.
Estoque_TI.exe: 00000778: 11:41:55 []:<-------------------------------------------------------------->
Estoque_TI.exe: 00000778: 11:41:55 [Terminated]:Exit Code: 0
Estoque_TI.exe: 00001230: 13:55:03 []:>--------------------------------------------------------------<
Estoque_TI.exe: 00001230: 13:55:03 [TUniServerModule]:Server First Init.
Estoque_TI.exe: 00001230: 13:55:03 [TUniServerModule]:Start Path = D:\Projetos\2020\WebEstoqueTI-8050\Win32\Release\
Estoque_TI.exe: 00001230: 13:55:03 [TUniServerModule]:Starting HTTP Server on Port: 8050...
Estoque_TI.exe: 00001230: 13:55:03 [TUniServerModule]:HTTP Server Started on Port: 8050
Estoque_TI.exe: 00002378: 14:40:06 []:>--------------------------------------------------------------<
Estoque_TI.exe: 00002378: 14:40:06 [TUniServerModule]:Server First Init.
Estoque_TI.exe: 00002378: 14:40:06 [TUniServerModule]:Start Path = D:\Projetos\2020\WebEstoqueTI-8050\Win32\Release\
Estoque_TI.exe: 00002378: 14:40:06 [TUniServerModule]:Global Cache Folder Erased. <1> Files deleted.
Estoque_TI.exe: 00002378: 14:40:06 [TUniServerModule]:Starting HTTP Server on Port: 8050...
Estoque_TI.exe: 00002378: 14:40:06 [TUniServerModule]:HTTP Server Started on Port: 8050
Estoque_TI.exe: 00000770: 14:43:00 []:>--------------------------------------------------------------<
Estoque_TI.exe: 00000770: 14:43:00 [TUniServerModule]:Server First Init.
Estoque_TI.exe: 00000770: 14:43:00 [TUniServerModule]:Start Path = D:\Projetos\2020\WebEstoqueTI-8050\Win32\Release\
Estoque_TI.exe: 00000770: 14:43:05 [TUniServerModule]:Global Cache Folder Erased. <156> Files deleted.
Estoque_TI.exe: 00000770: 14:43:05 [TUniServerModule]:Starting HTTP Server on Port: 8050...
Estoque_TI.exe: 00000770: 14:43:05 [TUniServerModule]:HTTP Server Started on Port: 8050
Estoque_TI.exe: 00001BC8: 14:43:09 [127.0.0.1]:EUniSessionException : Sessão inválida ou tempo limite da sessão. (Session not found: SC6EMiNApI10842C625 ) : Addr: $00810BF2
Estoque_TI.exe: 00001BC8: 14:43:09 [127.0.0.1]:EUniSessionException : Sessão inválida ou tempo limite da sessão. (Session not found: SC6EMiNApI10842C625 ) : Addr: $00810BF2
Estoque_TI.exe: 00001BC8: 14:43:09 [HandleFileRequest[127.0.0.1]]:File not found: D:\Projetos\2020\WebEstoqueTI-8050\Win32\Release\favicon.ico
Estoque_TI.exe: 00000CC8: 14:44:17 []:>--------------------------------------------------------------<
Estoque_TI.exe: 00000CC8: 14:44:17 [TUniServerModule]:Server First Init.
Estoque_TI.exe: 00000CC8: 14:44:17 [TUniServerModule]:Start Path = D:\Projetos\2020\WebEstoqueTI-8050\Win32\Release\
Estoque_TI.exe: 00000CC8: 14:44:22 [TUniServerModule]:Global Cache Folder Erased. <158> Files deleted.
Estoque_TI.exe: 00000CC8: 14:44:22 [TUniServerModule]:Starting HTTP Server on Port: 8050...
Estoque_TI.exe: 00000CC8: 14:44:22 [TUniServerModule]:HTTP Server Started on Port: 8050
Estoque_TI.exe: 00002AC0: 14:44:22 [127.0.0.1]:EUniSessionException : Sessão inválida ou tempo limite da sessão. (Session not found: nqy1C9Nnnf10842C6F5 ) : Addr: $00810BF2
Estoque_TI.exe: 00002AC0: 14:44:22 [127.0.0.1]:EUniSessionException : Sessão inválida ou tempo limite da sessão. (Session not found: nqy1C9Nnnf10842C6F5 ) : Addr: $00810BF2
Estoque_TI.exe: 00003850: 14:47:12 []:>--------------------------------------------------------------<
Estoque_TI.exe: 00003850: 14:47:12 [TUniServerModule]:Server First Init.
Estoque_TI.exe: 00003850: 14:47:12 [TUniServerModule]:Start Path = D:\Projetos\2020\WebEstoqueTI-8050\Win32\Release\
Estoque_TI.exe: 00003850: 14:47:17 [TUniServerModule]:Global Cache Folder Erased. <154> Files deleted.
Estoque_TI.exe: 00003850: 14:47:17 [TUniServerModule]:Starting HTTP Server on Port: 8050...
Estoque_TI.exe: 00003850: 14:47:17 [TUniServerModule]:HTTP Server Started on Port: 8050
Estoque_TI.exe: 00002180: 14:47:18 [127.0.0.1]:EUniSessionException : Sessão inválida ou tempo limite da sessão. (Session not found: zluQuBRhKB10842C793 ) : Addr: $00810BF2
Estoque_TI.exe: 000004F4: 14:49:03 []:>--------------------------------------------------------------<
Estoque_TI.exe: 000004F4: 14:49:03 [TUniServerModule]:Server First Init.
Estoque_TI.exe: 000004F4: 14:49:03 [TUniServerModule]:Start Path = D:\Projetos\2020\WebEstoqueTI-8050\Win32\Release\
Estoque_TI.exe: 000004F4: 14:49:08 [TUniServerModule]:Global Cache Folder Erased. <159> Files deleted.
Estoque_TI.exe: 000004F4: 14:49:08 [TUniServerModule]:Starting HTTP Server on Port: 8050...
Estoque_TI.exe: 000004F4: 14:49:08 [TUniServerModule]:HTTP Server Started on Port: 8050
Estoque_TI.exe: 000029F8: 14:50:06 []:>--------------------------------------------------------------<
Estoque_TI.exe: 000029F8: 14:50:06 [TUniServerModule]:Server First Init.
Estoque_TI.exe: 000029F8: 14:50:06 [TUniServerModule]:Start Path = D:\Projetos\2020\WebEstoqueTI-8050\Win32\Release\
Estoque_TI.exe: 000029F8: 14:50:10 [TUniServerModule]:Global Cache Folder Erased. <158> Files deleted.
Estoque_TI.exe: 000029F8: 14:50:10 [TUniServerModule]:Starting HTTP Server on Port: 8050...
Estoque_TI.exe: 000029F8: 14:50:10 [TUniServerModule]:HTTP Server Started on Port: 8050
Estoque_TI.exe: 000032C0: 14:50:11 [127.0.0.1]:EUniSessionException : Sessão inválida ou tempo limite da sessão. (Session not found: stC2ynMsV210842C8AB ) : Addr: $00810BF2
Estoque_TI.exe: 0000198C: 14:58:12 []:>--------------------------------------------------------------<
Estoque_TI.exe: 0000198C: 14:58:12 [TUniServerModule]:Server First Init.
Estoque_TI.exe: 0000198C: 14:58:12 [TUniServerModule]:Start Path = D:\Projetos\2020\WebEstoqueTI-8050\Win32\Release\
Estoque_TI.exe: 0000198C: 14:58:17 [TUniServerModule]:Global Cache Folder Erased. <159> Files deleted.
Estoque_TI.exe: 0000198C: 14:58:17 [TUniServerModule]:Starting HTTP Server on Port: 8050...
Estoque_TI.exe: 0000198C: 14:58:17 [TUniServerModule]:HTTP Server Started on Port: 8050
Estoque_TI.exe: 0000198C: 15:17:36 [TUniServerModule]:Shutting Down Server.
Estoque_TI.exe: 0000198C: 15:17:36 [TUniServerModule]:Stopping HTTP Server.
Estoque_TI.exe: 0000198C: 15:17:37 [TUniServerModule]:HTTP Server Stopped.
Estoque_TI.exe: 0000198C: 15:17:37 [TUniGUISessionManager]:Terminating Session manager.
Estoque_TI.exe: 0000198C: 15:17:37 [TUniGUISessionManager]:Stopping Cache Eraser...
Estoque_TI.exe: 0000198C: 15:17:37 [TUniGUISessionManager]:Cache Eraser Stopped.
Estoque_TI.exe: 0000198C: 15:17:37 [TUniGUISessionManager]:Destroying Worker Threads.
Estoque_TI.exe: 0000198C: 15:17:37 [TUniGUISessionManager]:Session manager terminated.
Estoque_TI.exe: 0000198C: 15:17:42 [TUniServerModule]:Server Shutdown Completed.
Estoque_TI.exe: 0000198C: 15:17:42 []:<-------------------------------------------------------------->
Estoque_TI.exe: 0000198C: 15:17:42 [Terminated]:Exit Code: 0
