Estoque_TI.exe: 0000242C: 14:51:33 []:>--------------------------------------------------------------<
Estoque_TI.exe: 0000242C: 14:51:33 [TUniServerModule]:Server First Init.
Estoque_TI.exe: 0000242C: 14:51:33 [TUniServerModule]:Start Path = D:\Projetos\2020\WebEstoqueTI-8050\Win32\Release\
Estoque_TI.exe: 0000242C: 14:51:33 [TUniServerModule]:Starting HTTP Server on Port: 8050...
Estoque_TI.exe: 0000242C: 14:51:33 [TUniServerModule]:HTTP Server Started on Port: 8050
Estoque_TI.exe: 00001538: 14:52:07 []:>--------------------------------------------------------------<
Estoque_TI.exe: 00001538: 14:52:07 [TUniServerModule]:Server First Init.
Estoque_TI.exe: 00001538: 14:52:07 [TUniServerModule]:Start Path = D:\Projetos\2020\WebEstoqueTI-8050\Win32\Release\
Estoque_TI.exe: 00001538: 14:52:07 [TUniServerModule]:Global Cache Folder Erased. <1> Files deleted.
Estoque_TI.exe: 00001538: 14:52:07 [TUniServerModule]:Starting HTTP Server on Port: 8050...
Estoque_TI.exe: 00001538: 14:52:07 [TUniServerModule]:HTTP Server Started on Port: 8050
Estoque_TI.exe: 00001A0C: 14:52:37 []:>--------------------------------------------------------------<
Estoque_TI.exe: 00001A0C: 14:52:37 [TUniServerModule]:Server First Init.
Estoque_TI.exe: 00001A0C: 14:52:37 [TUniServerModule]:Start Path = D:\Projetos\2020\WebEstoqueTI-8050\Win32\Release\
Estoque_TI.exe: 00001A0C: 14:52:37 [TUniServerModule]:Global Cache Folder Erased. <1> Files deleted.
Estoque_TI.exe: 00001A0C: 14:52:37 [TUniServerModule]:Starting HTTP Server on Port: 8050...
Estoque_TI.exe: 00001A0C: 14:52:37 [InitWebServer]:EIdCouldNotBindSocket : Could not bind socket. : Addr: $00704541
Estoque_TI.exe: 00001A0C: 14:59:37 [TUniServerModule]:Shutting Down Server.
Estoque_TI.exe: 00001A0C: 14:59:37 [TUniServerModule]:Stopping HTTP Server.
Estoque_TI.exe: 00001A0C: 14:59:37 [TUniServerModule]:HTTP Server Stopped.
Estoque_TI.exe: 00001A0C: 14:59:37 [TUniGUISessionManager]:Terminating Session manager.
Estoque_TI.exe: 00001A0C: 14:59:37 [TUniGUISessionManager]:Stopping Cache Eraser...
Estoque_TI.exe: 00001A0C: 14:59:37 [TUniGUISessionManager]:Cache Eraser Stopped.
Estoque_TI.exe: 00001A0C: 14:59:37 [TUniGUISessionManager]:Destroying Worker Threads.
Estoque_TI.exe: 00001A0C: 14:59:37 [TUniGUISessionManager]:Session manager terminated.
Estoque_TI.exe: 00001A0C: 14:59:37 [TUniServerModule]:Server Shutdown Completed.
Estoque_TI.exe: 00001A0C: 14:59:37 []:<-------------------------------------------------------------->
Estoque_TI.exe: 00001A0C: 14:59:37 [Terminated]:Exit Code: 0
Estoque_TI.exe: 00001538: 14:59:40 [TUniServerModule]:Shutting Down Server.
Estoque_TI.exe: 00001538: 14:59:40 [TUniServerModule]:Stopping HTTP Server.
Estoque_TI.exe: 00001538: 14:59:41 [TUniServerModule]:HTTP Server Stopped.
Estoque_TI.exe: 00001538: 14:59:41 [TUniGUISessionManager]:Terminating Session manager.
Estoque_TI.exe: 00001538: 14:59:41 [TUniGUISessionManager]:Stopping Cache Eraser...
Estoque_TI.exe: 00001538: 14:59:41 [TUniGUISessionManager]:Cache Eraser Stopped.
Estoque_TI.exe: 00001538: 14:59:41 [TUniGUISessionManager]:Destroying Worker Threads.
Estoque_TI.exe: 00001538: 14:59:41 [TUniGUISessionManager]:Session manager terminated.
Estoque_TI.exe: 00001538: 14:59:41 [TUniServerModule]:Server Shutdown Completed.
Estoque_TI.exe: 00001538: 14:59:41 []:<-------------------------------------------------------------->
Estoque_TI.exe: 00001538: 14:59:41 [Terminated]:Exit Code: 0
Estoque_TI.exe: 00003A08: 15:37:58 []:>--------------------------------------------------------------<
Estoque_TI.exe: 00003A08: 15:37:58 [TUniServerModule]:Server First Init.
Estoque_TI.exe: 00003A08: 15:37:58 [TUniServerModule]:Start Path = D:\Projetos\2020\WebEstoqueTI-8050\Win32\Release\
Estoque_TI.exe: 00003A08: 15:37:58 [TUniServerModule]:Starting HTTP Server on Port: 8050...
Estoque_TI.exe: 00003A08: 15:37:58 [TUniServerModule]:HTTP Server Started on Port: 8050
Estoque_TI.exe: 00002E70: 15:39:10 []:>--------------------------------------------------------------<
Estoque_TI.exe: 00002E70: 15:39:10 [TUniServerModule]:Server First Init.
Estoque_TI.exe: 00002E70: 15:39:10 [TUniServerModule]:Start Path = D:\Projetos\2020\WebEstoqueTI-8050\Win32\Release\
Estoque_TI.exe: 00002E70: 15:39:10 [TUniServerModule]:Global Cache Folder Erased. <1> Files deleted.
Estoque_TI.exe: 00002E70: 15:39:10 [TUniServerModule]:Starting HTTP Server on Port: 8050...
Estoque_TI.exe: 00002E70: 15:39:10 [InitWebServer]:EIdCouldNotBindSocket : Could not bind socket. : Addr: $00704541
Estoque_TI.exe: 00003A08: 15:47:17 [TUniServerModule]:Shutting Down Server.
Estoque_TI.exe: 00003A08: 15:47:17 [TUniServerModule]:Stopping HTTP Server.
Estoque_TI.exe: 00003A08: 15:47:18 [TUniServerModule]:HTTP Server Stopped.
Estoque_TI.exe: 00003A08: 15:47:18 [TUniGUISessionManager]:Terminating Session manager.
Estoque_TI.exe: 00003A08: 15:47:18 [TUniGUISessionManager]:Stopping Cache Eraser...
Estoque_TI.exe: 00003A08: 15:47:18 [TUniGUISessionManager]:Cache Eraser Stopped.
Estoque_TI.exe: 00003A08: 15:47:18 [TUniGUISessionManager]:Destroying Worker Threads.
Estoque_TI.exe: 00003A08: 15:47:18 [TUniGUISessionManager]:Session manager terminated.
Estoque_TI.exe: 00003A08: 15:47:18 [TUniServerModule]:Server Shutdown Completed.
Estoque_TI.exe: 00003A08: 15:47:18 []:<-------------------------------------------------------------->
Estoque_TI.exe: 00003A08: 15:47:18 [Terminated]:Exit Code: 0
Estoque_TI.exe: 00002E70: 15:47:19 [TUniServerModule]:Shutting Down Server.
Estoque_TI.exe: 00002E70: 15:47:19 [TUniServerModule]:Stopping HTTP Server.
Estoque_TI.exe: 00002E70: 15:47:20 [TUniServerModule]:HTTP Server Stopped.
Estoque_TI.exe: 00002E70: 15:47:20 [TUniGUISessionManager]:Terminating Session manager.
Estoque_TI.exe: 00002E70: 15:47:20 [TUniGUISessionManager]:Stopping Cache Eraser...
Estoque_TI.exe: 00002E70: 15:47:20 [TUniGUISessionManager]:Cache Eraser Stopped.
Estoque_TI.exe: 00002E70: 15:47:20 [TUniGUISessionManager]:Destroying Worker Threads.
Estoque_TI.exe: 00002E70: 15:47:20 [TUniGUISessionManager]:Session manager terminated.
Estoque_TI.exe: 00002E70: 15:47:20 [TUniServerModule]:Server Shutdown Completed.
Estoque_TI.exe: 00002E70: 15:47:20 []:<-------------------------------------------------------------->
Estoque_TI.exe: 00002E70: 15:47:20 [Terminated]:Exit Code: 0
