Estoque_TI.exe: 000036B0: 09:15:37 []:>--------------------------------------------------------------<
Estoque_TI.exe: 000036B0: 09:15:37 [TUniServerModule]:Server First Init.
Estoque_TI.exe: 000036B0: 09:15:37 [TUniServerModule]:Start Path = D:\Projetos\2020\WebEstoqueTI-8050\Win32\Release\
Estoque_TI.exe: 000036B0: 09:15:38 [TUniServerModule]:Starting HTTP Server on Port: 8050...
Estoque_TI.exe: 000036B0: 09:15:38 [TUniServerModule]:HTTP Server Started on Port: 8050
Estoque_TI.exe: 000025B0: 09:17:05 []:>--------------------------------------------------------------<
Estoque_TI.exe: 000025B0: 09:17:05 [TUniServerModule]:Server First Init.
Estoque_TI.exe: 000025B0: 09:17:05 [TUniServerModule]:Start Path = D:\Projetos\2020\WebEstoqueTI-8050\Win32\Release\
Estoque_TI.exe: 000025B0: 09:17:05 [TUniServerModule]:Global Cache Folder Erased. <1> Files deleted.
Estoque_TI.exe: 000025B0: 09:17:05 [TUniServerModule]:Starting HTTP Server on Port: 8050...
Estoque_TI.exe: 000025B0: 09:17:05 [InitWebServer]:EIdCouldNotBindSocket : Could not bind socket. : Addr: $00704541
Estoque_TI.exe: 000036B0: 09:17:11 [TUniServerModule]:Shutting Down Server.
Estoque_TI.exe: 000036B0: 09:17:11 [TUniServerModule]:Stopping HTTP Server.
Estoque_TI.exe: 000036B0: 09:17:11 [TUniServerModule]:HTTP Server Stopped.
Estoque_TI.exe: 000036B0: 09:17:11 [TUniGUISessionManager]:Terminating Session manager.
Estoque_TI.exe: 000036B0: 09:17:11 [TUniGUISessionManager]:Stopping Cache Eraser...
Estoque_TI.exe: 000036B0: 09:17:11 [TUniGUISessionManager]:Cache Eraser Stopped.
Estoque_TI.exe: 000036B0: 09:17:11 [TUniGUISessionManager]:Destroying Worker Threads.
Estoque_TI.exe: 000036B0: 09:17:11 [TUniGUISessionManager]:Session manager terminated.
Estoque_TI.exe: 000036B0: 09:17:11 [TUniServerModule]:Server Shutdown Completed.
Estoque_TI.exe: 000036B0: 09:17:11 []:<-------------------------------------------------------------->
Estoque_TI.exe: 000036B0: 09:17:11 [Terminated]:Exit Code: 0
Estoque_TI.exe: 000025B0: 09:17:15 [TUniServerModule]:Shutting Down Server.
Estoque_TI.exe: 000025B0: 09:17:15 [TUniServerModule]:Stopping HTTP Server.
Estoque_TI.exe: 000025B0: 09:17:15 [TUniServerModule]:HTTP Server Stopped.
Estoque_TI.exe: 000025B0: 09:17:15 [TUniGUISessionManager]:Terminating Session manager.
Estoque_TI.exe: 000025B0: 09:17:15 [TUniGUISessionManager]:Stopping Cache Eraser...
Estoque_TI.exe: 000025B0: 09:17:15 [TUniGUISessionManager]:Cache Eraser Stopped.
Estoque_TI.exe: 000025B0: 09:17:15 [TUniGUISessionManager]:Destroying Worker Threads.
Estoque_TI.exe: 000025B0: 09:17:15 [TUniGUISessionManager]:Session manager terminated.
Estoque_TI.exe: 000025B0: 09:17:15 [TUniServerModule]:Server Shutdown Completed.
Estoque_TI.exe: 000025B0: 09:17:15 []:<-------------------------------------------------------------->
Estoque_TI.exe: 000025B0: 09:17:15 [Terminated]:Exit Code: 0
Estoque_TI.exe: 00002004: 09:17:24 []:>--------------------------------------------------------------<
Estoque_TI.exe: 00002004: 09:17:24 [TUniServerModule]:Server First Init.
Estoque_TI.exe: 00002004: 09:17:24 [TUniServerModule]:Start Path = D:\Projetos\2020\WebEstoqueTI-8050\Win32\Release\
Estoque_TI.exe: 00002004: 09:17:24 [TUniServerModule]:Starting HTTP Server on Port: 8050...
Estoque_TI.exe: 00002004: 09:17:24 [TUniServerModule]:HTTP Server Started on Port: 8050
Estoque_TI.exe: 00002004: 09:17:28 [TUniServerModule]:Shutting Down Server.
Estoque_TI.exe: 00002004: 09:17:28 [TUniServerModule]:Stopping HTTP Server.
Estoque_TI.exe: 00002004: 09:17:29 [TUniServerModule]:HTTP Server Stopped.
Estoque_TI.exe: 00002004: 09:17:29 [TUniGUISessionManager]:Terminating Session manager.
Estoque_TI.exe: 00002004: 09:17:29 [TUniGUISessionManager]:Stopping Cache Eraser...
Estoque_TI.exe: 00002004: 09:17:29 [TUniGUISessionManager]:Cache Eraser Stopped.
Estoque_TI.exe: 00002004: 09:17:29 [TUniGUISessionManager]:Destroying Worker Threads.
Estoque_TI.exe: 00002004: 09:17:29 [TUniGUISessionManager]:Session manager terminated.
Estoque_TI.exe: 00002004: 09:17:29 [TUniServerModule]:Server Shutdown Completed.
Estoque_TI.exe: 00002004: 09:17:29 []:<-------------------------------------------------------------->
Estoque_TI.exe: 00002004: 09:17:29 [Terminated]:Exit Code: 0
Estoque_TI.exe: 0000299C: 11:32:32 []:>--------------------------------------------------------------<
Estoque_TI.exe: 0000299C: 11:32:32 [TUniServerModule]:Server First Init.
Estoque_TI.exe: 0000299C: 11:32:32 [TUniServerModule]:Start Path = D:\Projetos\2020\WebEstoqueTI-8050\Win32\Release\
Estoque_TI.exe: 0000299C: 11:32:32 [TUniServerModule]:Starting HTTP Server on Port: 8050...
Estoque_TI.exe: 0000299C: 11:32:32 [TUniServerModule]:HTTP Server Started on Port: 8050
Estoque_TI.exe: 0000299C: 11:37:43 [TUniServerModule]:Shutting Down Server.
Estoque_TI.exe: 0000299C: 11:37:43 [TUniServerModule]:Stopping HTTP Server.
Estoque_TI.exe: 0000299C: 11:37:43 [TUniServerModule]:HTTP Server Stopped.
Estoque_TI.exe: 0000299C: 11:37:43 [TUniGUISessionManager]:Terminating Session manager.
Estoque_TI.exe: 0000299C: 11:37:43 [TUniGUISessionManager]:Stopping Cache Eraser...
Estoque_TI.exe: 0000299C: 11:37:43 [TUniGUISessionManager]:Cache Eraser Stopped.
Estoque_TI.exe: 0000299C: 11:37:43 [TUniGUISessionManager]:Destroying Worker Threads.
Estoque_TI.exe: 0000299C: 11:37:43 [TUniGUISessionManager]:Session manager terminated.
Estoque_TI.exe: 0000299C: 11:37:43 [TUniServerModule]:Server Shutdown Completed.
Estoque_TI.exe: 0000299C: 11:37:43 []:<-------------------------------------------------------------->
Estoque_TI.exe: 0000299C: 11:37:43 [Terminated]:Exit Code: 0
Estoque_TI.exe: 0000272C: 11:42:49 []:>--------------------------------------------------------------<
Estoque_TI.exe: 0000272C: 11:42:49 [TUniServerModule]:Server First Init.
Estoque_TI.exe: 0000272C: 11:42:49 [TUniServerModule]:Start Path = D:\Projetos\2020\WebEstoqueTI-8050\Win32\Release\
Estoque_TI.exe: 0000272C: 11:42:49 [TUniServerModule]:Starting HTTP Server on Port: 8050...
Estoque_TI.exe: 0000272C: 11:42:49 [TUniServerModule]:HTTP Server Started on Port: 8050
Estoque_TI.exe: 0000272C: 11:43:08 [TUniServerModule]:Shutting Down Server.
Estoque_TI.exe: 0000272C: 11:43:08 [TUniServerModule]:Stopping HTTP Server.
Estoque_TI.exe: 0000272C: 11:43:09 [TUniServerModule]:HTTP Server Stopped.
Estoque_TI.exe: 0000272C: 11:43:09 [TUniGUISessionManager]:Terminating Session manager.
Estoque_TI.exe: 0000272C: 11:43:09 [TUniGUISessionManager]:Stopping Cache Eraser...
Estoque_TI.exe: 0000272C: 11:43:09 [TUniGUISessionManager]:Cache Eraser Stopped.
Estoque_TI.exe: 0000272C: 11:43:09 [TUniGUISessionManager]:Destroying Worker Threads.
Estoque_TI.exe: 0000272C: 11:43:09 [TUniGUISessionManager]:Session manager terminated.
Estoque_TI.exe: 0000272C: 11:43:09 [TUniServerModule]:Server Shutdown Completed.
Estoque_TI.exe: 0000272C: 11:43:09 []:<-------------------------------------------------------------->
Estoque_TI.exe: 0000272C: 11:43:09 [Terminated]:Exit Code: 0
