Estoque_TI.exe: 00000744: 14:40:40 []:>--------------------------------------------------------------<
Estoque_TI.exe: 00000744: 14:40:40 [TUniServerModule]:Server First Init.
Estoque_TI.exe: 00000744: 14:40:40 [TUniServerModule]:Start Path = D:\Projetos\2020\WebEstoqueTI-8050\Win32\Release\
Estoque_TI.exe: 00000744: 14:40:40 [TUniServerModule]:Starting HTTP Server on Port: 8050...
Estoque_TI.exe: 00000744: 14:40:40 [TUniServerModule]:HTTP Server Started on Port: 8050
Estoque_TI.exe: 000008C8: 14:42:50 []:>--------------------------------------------------------------<
Estoque_TI.exe: 000008C8: 14:42:50 [TUniServerModule]:Server First Init.
Estoque_TI.exe: 000008C8: 14:42:50 [TUniServerModule]:Start Path = D:\Projetos\2020\WebEstoqueTI-8050\Win32\Release\
Estoque_TI.exe: 000008C8: 14:42:50 [TUniServerModule]:Global Cache Folder Erased. <1> Files deleted.
Estoque_TI.exe: 000008C8: 14:42:50 [TUniServerModule]:Starting HTTP Server on Port: 8050...
Estoque_TI.exe: 000008C8: 14:42:50 [InitWebServer]:EIdCouldNotBindSocket : Could not bind socket. : Addr: $00704541
Estoque_TI.exe: 00000744: 15:27:08 [TUniServerModule]:Shutting Down Server.
Estoque_TI.exe: 00000744: 15:27:08 [TUniServerModule]:Stopping HTTP Server.
Estoque_TI.exe: 00000744: 15:27:09 [TUniServerModule]:HTTP Server Stopped.
Estoque_TI.exe: 00000744: 15:27:09 [TUniGUISessionManager]:Terminating Session manager.
Estoque_TI.exe: 00000744: 15:27:09 [TUniGUISessionManager]:Stopping Cache Eraser...
Estoque_TI.exe: 00000744: 15:27:09 [TUniGUISessionManager]:Cache Eraser Stopped.
Estoque_TI.exe: 00000744: 15:27:09 [TUniGUISessionManager]:Destroying Worker Threads.
Estoque_TI.exe: 00000744: 15:27:09 [TUniGUISessionManager]:Session manager terminated.
Estoque_TI.exe: 00000744: 15:27:09 [TUniServerModule]:Server Shutdown Completed.
Estoque_TI.exe: 00000744: 15:27:09 []:<-------------------------------------------------------------->
Estoque_TI.exe: 00000744: 15:27:09 [Terminated]:Exit Code: 0
Estoque_TI.exe: 000008C8: 16:44:44 [TUniServerModule]:Shutting Down Server.
Estoque_TI.exe: 000008C8: 16:44:44 [TUniServerModule]:Stopping HTTP Server.
Estoque_TI.exe: 000008C8: 16:44:44 [TUniServerModule]:HTTP Server Stopped.
Estoque_TI.exe: 000008C8: 16:44:44 [TUniGUISessionManager]:Terminating Session manager.
Estoque_TI.exe: 000008C8: 16:44:44 [TUniGUISessionManager]:Stopping Cache Eraser...
Estoque_TI.exe: 000008C8: 16:44:44 [TUniGUISessionManager]:Cache Eraser Stopped.
Estoque_TI.exe: 000008C8: 16:44:44 [TUniGUISessionManager]:Destroying Worker Threads.
Estoque_TI.exe: 000008C8: 16:44:44 [TUniGUISessionManager]:Session manager terminated.
Estoque_TI.exe: 000008C8: 16:44:44 [TUniServerModule]:Server Shutdown Completed.
Estoque_TI.exe: 000008C8: 16:44:44 []:<-------------------------------------------------------------->
Estoque_TI.exe: 000008C8: 16:44:44 [Terminated]:Exit Code: 0
