Estoque_TI.exe: 00001CF8: 07:50:13 []:>--------------------------------------------------------------<
Estoque_TI.exe: 00001CF8: 07:50:13 [TUniServerModule]:Server First Init.
Estoque_TI.exe: 00001CF8: 07:50:13 [TUniServerModule]:Start Path = D:\Projetos\2020\WebEstoqueTI-8050\Win32\Release\
Estoque_TI.exe: 00001CF8: 07:50:13 [TUniServerModule]:Global Cache Folder Erased. <1> Files deleted.
Estoque_TI.exe: 00001CF8: 07:50:13 [TUniServerModule]:Starting HTTP Server on Port: 8050...
Estoque_TI.exe: 00001CF8: 07:50:13 [TUniServerModule]:HTTP Server Started on Port: 8050
Estoque_TI.exe: 00001CF8: 17:07:27 [Exit]:Unexpected attempt to terminate server application with Exit Code: 0
Estoque_TI.exe: 0000273C: 17:23:27 []:>--------------------------------------------------------------<
Estoque_TI.exe: 0000273C: 17:23:27 [TUniServerModule]:Server First Init.
Estoque_TI.exe: 0000273C: 17:23:27 [TUniServerModule]:Start Path = D:\Projetos\2020\WebEstoqueTI-8050\Win32\Release\
Estoque_TI.exe: 0000273C: 17:23:27 [TUniServerModule]:Global Cache Folder Erased. <1> Files deleted.
Estoque_TI.exe: 0000273C: 17:23:27 [TUniServerModule]:Starting HTTP Server on Port: 8050...
Estoque_TI.exe: 0000273C: 17:23:27 [TUniServerModule]:HTTP Server Started on Port: 8050
Estoque_TI.exe: 00000FDC: 17:23:37 []:>--------------------------------------------------------------<
Estoque_TI.exe: 00000FDC: 17:23:37 [TUniServerModule]:Server First Init.
Estoque_TI.exe: 00000FDC: 17:23:37 [TUniServerModule]:Start Path = D:\Projetos\2020\WebEstoqueTI-8050\Win32\Release\
Estoque_TI.exe: 00000FDC: 17:23:37 [TUniServerModule]:Global Cache Folder Erased. <1> Files deleted.
Estoque_TI.exe: 00000FDC: 17:23:37 [TUniServerModule]:Starting HTTP Server on Port: 8050...
Estoque_TI.exe: 00000FDC: 17:23:37 [InitWebServer]:EIdCouldNotBindSocket : Could not bind socket. : Addr: $00705D9D
Estoque_TI.exe: 0000273C: 17:23:42 [TUniServerModule]:Shutting Down Server.
Estoque_TI.exe: 0000273C: 17:23:42 [TUniServerModule]:Stopping HTTP Server.
Estoque_TI.exe: 0000273C: 17:23:42 [TUniServerModule]:HTTP Server Stopped.
Estoque_TI.exe: 0000273C: 17:23:42 [TUniGUISessionManager]:Terminating Session manager.
Estoque_TI.exe: 0000273C: 17:23:42 [TUniGUISessionManager]:Stopping Cache Eraser...
Estoque_TI.exe: 0000273C: 17:23:42 [TUniGUISessionManager]:Cache Eraser Stopped.
Estoque_TI.exe: 0000273C: 17:23:42 [TUniGUISessionManager]:Destroying Worker Threads.
Estoque_TI.exe: 0000273C: 17:23:43 [TUniGUISessionManager]:Session manager terminated.
Estoque_TI.exe: 0000273C: 17:23:43 [TUniServerModule]:Server Shutdown Completed.
Estoque_TI.exe: 0000273C: 17:23:43 []:<-------------------------------------------------------------->
Estoque_TI.exe: 0000273C: 17:23:43 [Terminated]:Exit Code: 0
Estoque_TI.exe: 00001134: 17:23:43 []:>--------------------------------------------------------------<
Estoque_TI.exe: 00001134: 17:23:43 [TUniServerModule]:Server First Init.
Estoque_TI.exe: 00001134: 17:23:43 [TUniServerModule]:Start Path = D:\Projetos\2020\WebEstoqueTI-8050\Win32\Release\
Estoque_TI.exe: 00001134: 17:23:43 [TUniServerModule]:Starting HTTP Server on Port: 8050...
Estoque_TI.exe: 00001134: 17:23:43 [TUniServerModule]:HTTP Server Started on Port: 8050
Estoque_TI.exe: 00001BF4: 17:26:06 [192.168.0.135]:UniErrorException : Event:Toast, Object: O4AE not found in session list. It could be timed out, refresh page and try again : Addr: $00000000
Estoque_TI.exe: 00000FDC: 17:32:58 [Exit]:Unexpected attempt to terminate server application with Exit Code: 0
