Estoque_TI.exe: 000021CC: 10:17:54 []:>--------------------------------------------------------------<
Estoque_TI.exe: 000021CC: 10:17:54 [TUniServerModule]:Server First Init.
Estoque_TI.exe: 000021CC: 10:17:54 [TUniServerModule]:Start Path = D:\Projetos\2020\WebEstoqueTI-8050\Win32\Release\
Estoque_TI.exe: 000021CC: 10:17:55 [TUniServerModule]:Global Cache Folder Erased. <148> Files deleted.
Estoque_TI.exe: 000021CC: 10:17:55 [TUniServerModule]:Starting HTTP Server on Port: 8050...
Estoque_TI.exe: 000021CC: 10:17:55 [TUniServerModule]:HTTP Server Started on Port: 8050
Estoque_TI.exe: 000009F8: 10:32:54 []:>--------------------------------------------------------------<
Estoque_TI.exe: 000009F8: 10:32:54 [TUniServerModule]:Server First Init.
Estoque_TI.exe: 000009F8: 10:32:54 [TUniServerModule]:Start Path = D:\Projetos\2020\WebEstoqueTI-8050\Win32\Release\
Estoque_TI.exe: 000009F8: 10:32:55 [TUniServerModule]:Global Cache Folder Erased. <148> Files deleted.
Estoque_TI.exe: 000009F8: 10:32:55 [TUniServerModule]:Starting HTTP Server on Port: 8050...
Estoque_TI.exe: 000009F8: 10:32:55 [TUniServerModule]:HTTP Server Started on Port: 8050
Estoque_TI.exe: 00001B14: 10:33:02 [127.0.0.1]:EUniSessionException : Sessão inválida ou tempo limite da sessão. (Session not found: GhcNJUnke810990A9E7 ) : Addr: $0080F396
Estoque_TI.exe: 000035A0: 10:33:02 [127.0.0.1]:EUniSessionException : Sessão inválida ou tempo limite da sessão. (Session not found: GhcNJUnke810990A9E7 ) : Addr: $0080F396
Estoque_TI.exe: 00001B14: 10:33:15 [HandleFileRequest[127.0.0.1]]:File not found: D:\Projetos\2020\WebEstoqueTI-8050\Win32\Release\favicon.ico
Estoque_TI.exe: 00003FA4: 10:34:02 []:>--------------------------------------------------------------<
Estoque_TI.exe: 00003FA4: 10:34:02 [TUniServerModule]:Server First Init.
Estoque_TI.exe: 00003FA4: 10:34:02 [TUniServerModule]:Start Path = D:\Projetos\2020\WebEstoqueTI-8050\Win32\Release\
Estoque_TI.exe: 00003FA4: 10:34:02 [TUniServerModule]:Global Cache Folder Erased. <156> Files deleted.
Estoque_TI.exe: 00003FA4: 10:34:02 [TUniServerModule]:Starting HTTP Server on Port: 8050...
Estoque_TI.exe: 00003FA4: 10:34:02 [TUniServerModule]:HTTP Server Started on Port: 8050
Estoque_TI.exe: 00003840: 10:35:08 [127.0.0.1]:EUniSessionException : Sessão inválida ou tempo limite da sessão. (Session not found: QHtRG4WsWn10990ADFA ) : Addr: $0080F396
Estoque_TI.exe: 000022AC: 10:35:08 [127.0.0.1]:EUniSessionException : Sessão inválida ou tempo limite da sessão. (Session not found: QHtRG4WsWn10990ADFA ) : Addr: $0080F396
Estoque_TI.exe: 000007C8: 10:37:21 []:>--------------------------------------------------------------<
Estoque_TI.exe: 000007C8: 10:37:21 [TUniServerModule]:Server First Init.
Estoque_TI.exe: 000007C8: 10:37:21 [TUniServerModule]:Start Path = D:\Projetos\2020\WebEstoqueTI-8050\Win32\Release\
Estoque_TI.exe: 000007C8: 10:37:22 [TUniServerModule]:Global Cache Folder Erased. <156> Files deleted.
Estoque_TI.exe: 000007C8: 10:37:22 [TUniServerModule]:Starting HTTP Server on Port: 8050...
Estoque_TI.exe: 000007C8: 10:37:22 [TUniServerModule]:HTTP Server Started on Port: 8050
Estoque_TI.exe: 00003CF8: 10:37:30 [127.0.0.1]:EUniSessionException : Sessão inválida ou tempo limite da sessão. (Session not found: 7ffgh8aADe10990AE8F ) : Addr: $0080F396
Estoque_TI.exe: 000011B0: 10:45:05 []:>--------------------------------------------------------------<
Estoque_TI.exe: 000011B0: 10:45:05 [TUniServerModule]:Server First Init.
Estoque_TI.exe: 000011B0: 10:45:05 [TUniServerModule]:Start Path = D:\Projetos\2020\WebEstoqueTI-8050\Win32\Release\
Estoque_TI.exe: 000011B0: 10:45:05 [TUniServerModule]:Global Cache Folder Erased. <154> Files deleted.
Estoque_TI.exe: 000011B0: 10:45:05 [TUniServerModule]:Starting HTTP Server on Port: 8050...
Estoque_TI.exe: 000011B0: 10:45:06 [TUniServerModule]:HTTP Server Started on Port: 8050
Estoque_TI.exe: 00002320: 10:45:40 []:>--------------------------------------------------------------<
Estoque_TI.exe: 00002320: 10:45:40 [TUniServerModule]:Server First Init.
Estoque_TI.exe: 00002320: 10:45:40 [TUniServerModule]:Start Path = D:\Projetos\2020\WebEstoqueTI-8050\Win32\Release\
Estoque_TI.exe: 00002320: 10:45:40 [TUniServerModule]:Global Cache Folder Erased. <1> Files deleted.
Estoque_TI.exe: 00002320: 10:45:40 [TUniServerModule]:Starting HTTP Server on Port: 8050...
Estoque_TI.exe: 00002320: 10:45:40 [TUniServerModule]:HTTP Server Started on Port: 8050
Estoque_TI.exe: 00003120: 10:46:19 [127.0.0.1]:EUniSessionException : Sessão inválida ou tempo limite da sessão. (Session not found: BTwXVnXWXK10990AF2F ) : Addr: $0080F396
Estoque_TI.exe: 0000274C: 10:46:19 [127.0.0.1]:EUniSessionException : Sessão inválida ou tempo limite da sessão. (Session not found: BTwXVnXWXK10990AF2F ) : Addr: $0080F396
Estoque_TI.exe: 00002148: 10:55:03 []:>--------------------------------------------------------------<
Estoque_TI.exe: 00002148: 10:55:03 [TUniServerModule]:Server First Init.
Estoque_TI.exe: 00002148: 10:55:03 [TUniServerModule]:Start Path = D:\Projetos\2020\WebEstoqueTI-8050\Win32\Release\
Estoque_TI.exe: 00002148: 10:55:03 [TUniServerModule]:Global Cache Folder Erased. <154> Files deleted.
Estoque_TI.exe: 00002148: 10:55:03 [TUniServerModule]:Starting HTTP Server on Port: 8050...
Estoque_TI.exe: 00002148: 10:55:03 [TUniServerModule]:HTTP Server Started on Port: 8050
Estoque_TI.exe: 00002EC8: 11:01:27 [127.0.0.1]:EUniSessionException : Sessão inválida ou tempo limite da sessão. (Session not found: CJcR7dlmlL10990B19B ) : Addr: $0080F396
Estoque_TI.exe: 00001524: 11:01:27 [127.0.0.1]:EUniSessionException : Sessão inválida ou tempo limite da sessão. (Session not found: CJcR7dlmlL10990B19B ) : Addr: $0080F396
Estoque_TI.exe: 000018F4: 11:24:08 [127.0.0.1]:EUniSessionException : Sessão inválida ou tempo limite da sessão. (Session not found: DdmD1BmumU10990B5B0 ) : Addr: $0080F396
Estoque_TI.exe: 00002148: 11:25:45 [TUniServerModule]:Shutting Down Server.
Estoque_TI.exe: 00002148: 11:25:45 [TUniServerModule]:Stopping HTTP Server.
Estoque_TI.exe: 00002148: 11:25:46 [TUniServerModule]:HTTP Server Stopped.
Estoque_TI.exe: 00002148: 11:25:46 [TUniGUISessionManager]:Terminating Session manager.
Estoque_TI.exe: 00002148: 11:25:46 [TUniGUISessionManager]:Stopping Cache Eraser...
Estoque_TI.exe: 00002148: 11:25:46 [TUniGUISessionManager]:Cache Eraser Stopped.
Estoque_TI.exe: 00002148: 11:25:46 [TUniGUISessionManager]:Destroying Worker Threads.
Estoque_TI.exe: 00002148: 11:25:46 [TUniGUISessionManager]:Session manager terminated.
Estoque_TI.exe: 00002148: 11:25:46 [TUniServerModule]:Server Shutdown Completed.
Estoque_TI.exe: 00002148: 11:25:46 []:<-------------------------------------------------------------->
Estoque_TI.exe: 00002148: 11:25:46 [Terminated]:Exit Code: 0
