EstoqueTi.exe: 00007D38: 08:43:23 []:>--------------------------------------------------------------<
EstoqueTi.exe: 00007D38: 08:43:23 [TUniServerModule]:Server First Init.
EstoqueTi.exe: 00007D38: 08:43:24 [TUniServerModule]:Global Cache Folder Erased. <147> Files deleted.
EstoqueTi.exe: 00007D38: 08:43:24 [TUniServerModule]:Starting HTTP Server on Port: 8050...
EstoqueTi.exe: 00007D38: 08:43:24 [TUniServerModule]:HTTP Server Started on Port: 8050
EstoqueTi.exe: 000046C4: 08:48:43 [HandleFileRequest[127.0.0.1]]:File not found: C:\Program Files (x86)\FMSoft\Framework\unigui\ext-7.0.0\build\classic\locale\locale-.js
EstoqueTi.exe: 00008328: 08:48:44 [HandleFileRequest[127.0.0.1]]:File not found: C:\Program Files (x86)\FMSoft\Framework\unigui\ext-7.0.0\build\classic\locale\locale-.js
EstoqueTi.exe: 00002DE4: 10:08:14 []:>--------------------------------------------------------------<
EstoqueTi.exe: 00002DE4: 10:08:14 [TUniServerModule]:Server First Init.
EstoqueTi.exe: 00002DE4: 10:08:14 [TUniServerModule]:Global Cache Folder Erased. <147> Files deleted.
EstoqueTi.exe: 00002DE4: 10:08:14 [TUniServerModule]:Starting HTTP Server on Port: 8050...
EstoqueTi.exe: 00002DE4: 10:08:14 [TUniServerModule]:HTTP Server Started on Port: 8050
EstoqueTi.exe: 000057BC: 10:11:09 []:>--------------------------------------------------------------<
EstoqueTi.exe: 000057BC: 10:11:09 [TUniServerModule]:Server First Init.
EstoqueTi.exe: 000057BC: 10:11:09 [TUniServerModule]:Global Cache Folder Erased. <1> Files deleted.
EstoqueTi.exe: 000057BC: 10:11:09 [TUniServerModule]:Starting HTTP Server on Port: 8050...
EstoqueTi.exe: 000057BC: 10:11:09 [TUniServerModule]:HTTP Server Started on Port: 8050
EstoqueTi.exe: 00007D48: 13:43:56 []:>--------------------------------------------------------------<
EstoqueTi.exe: 00007D48: 13:43:56 [TUniServerModule]:Server First Init.
EstoqueTi.exe: 00007D48: 13:43:56 [TUniServerModule]:Global Cache Folder Erased. <1> Files deleted.
EstoqueTi.exe: 00007D48: 13:43:56 [TUniServerModule]:Starting HTTP Server on Port: 8050...
EstoqueTi.exe: 00007D48: 13:43:56 [TUniServerModule]:HTTP Server Started on Port: 8050
EstoqueTi.exe: 00003D88: 13:44:10 []:>--------------------------------------------------------------<
EstoqueTi.exe: 00003D88: 13:44:10 [TUniServerModule]:Server First Init.
EstoqueTi.exe: 00003D88: 13:44:10 [TUniServerModule]:Global Cache Folder Erased. <1> Files deleted.
EstoqueTi.exe: 00003D88: 13:44:10 [TUniServerModule]:Starting HTTP Server on Port: 8050...
EstoqueTi.exe: 00003D88: 13:44:10 [InitWebServer]:EIdCouldNotBindSocket : Could not bind socket. : Addr: $0070082B
EstoqueTi.exe: 00007D48: 13:44:15 [TUniServerModule]:Shutting Down Server.
EstoqueTi.exe: 00007D48: 13:44:15 [TUniServerModule]:Stopping HTTP Server.
EstoqueTi.exe: 00007D48: 13:44:15 [TUniServerModule]:HTTP Server Stopped.
EstoqueTi.exe: 00007D48: 13:44:15 [TUniGUISessionManager]:Terminating Session manager.
EstoqueTi.exe: 00007D48: 13:44:15 [TUniGUISessionManager]:Stopping Cache Eraser...
EstoqueTi.exe: 00007D48: 13:44:15 [TUniGUISessionManager]:Cache Eraser Stopped.
EstoqueTi.exe: 00007D48: 13:44:15 [TUniGUISessionManager]:Destroying Worker Threads.
EstoqueTi.exe: 00007D48: 13:44:15 [TUniGUISessionManager]:Session manager terminated.
EstoqueTi.exe: 00007D48: 13:44:15 [TUniServerModule]:Server Shutdown Completed.
EstoqueTi.exe: 00007D48: 13:44:15 []:<-------------------------------------------------------------->
EstoqueTi.exe: 00007D48: 13:44:15 [Terminated]:Exit Code: 0
EstoqueTi.exe: 000072E0: 13:44:35 []:>--------------------------------------------------------------<
EstoqueTi.exe: 000072E0: 13:44:35 [TUniServerModule]:Server First Init.
EstoqueTi.exe: 000072E0: 13:44:36 [TUniServerModule]:Starting HTTP Server on Port: 8050...
EstoqueTi.exe: 000072E0: 13:44:36 [TUniServerModule]:HTTP Server Started on Port: 8050
EstoqueTi.exe: 00000D6C: 13:44:49 []:>--------------------------------------------------------------<
EstoqueTi.exe: 00000D6C: 13:44:49 [TUniServerModule]:Server First Init.
EstoqueTi.exe: 00000D6C: 13:44:49 [TUniServerModule]:Global Cache Folder Erased. <1> Files deleted.
EstoqueTi.exe: 00000D6C: 13:44:49 [TUniServerModule]:Starting HTTP Server on Port: 8050...
EstoqueTi.exe: 00000D6C: 13:44:49 [InitWebServer]:EIdCouldNotBindSocket : Could not bind socket. : Addr: $0070082B
EstoqueTi.exe: 00000D6C: 13:44:54 [TUniServerModule]:Shutting Down Server.
EstoqueTi.exe: 00000D6C: 13:44:54 [TUniServerModule]:Stopping HTTP Server.
EstoqueTi.exe: 00000D6C: 13:44:55 [TUniServerModule]:HTTP Server Stopped.
EstoqueTi.exe: 00000D6C: 13:44:55 [TUniGUISessionManager]:Terminating Session manager.
EstoqueTi.exe: 00000D6C: 13:44:55 [TUniGUISessionManager]:Stopping Cache Eraser...
EstoqueTi.exe: 00000D6C: 13:44:55 [TUniGUISessionManager]:Cache Eraser Stopped.
EstoqueTi.exe: 00000D6C: 13:44:55 [TUniGUISessionManager]:Destroying Worker Threads.
EstoqueTi.exe: 00000D6C: 13:44:55 [TUniGUISessionManager]:Session manager terminated.
EstoqueTi.exe: 00000D6C: 13:44:55 [TUniServerModule]:Server Shutdown Completed.
EstoqueTi.exe: 00000D6C: 13:44:55 []:<-------------------------------------------------------------->
EstoqueTi.exe: 00000D6C: 13:44:55 [Terminated]:Exit Code: 0
EstoqueTi.exe: 00003D88: 13:44:56 [TUniServerModule]:Shutting Down Server.
EstoqueTi.exe: 00003D88: 13:44:56 [TUniServerModule]:Stopping HTTP Server.
EstoqueTi.exe: 00003D88: 13:44:57 [TUniServerModule]:HTTP Server Stopped.
EstoqueTi.exe: 00003D88: 13:44:57 [TUniGUISessionManager]:Terminating Session manager.
EstoqueTi.exe: 00003D88: 13:44:57 [TUniGUISessionManager]:Stopping Cache Eraser...
EstoqueTi.exe: 00003D88: 13:44:57 [TUniGUISessionManager]:Cache Eraser Stopped.
EstoqueTi.exe: 00003D88: 13:44:57 [TUniGUISessionManager]:Destroying Worker Threads.
EstoqueTi.exe: 00003D88: 13:44:57 [TUniGUISessionManager]:Session manager terminated.
EstoqueTi.exe: 00003D88: 13:44:57 [TUniServerModule]:Server Shutdown Completed.
EstoqueTi.exe: 00003D88: 13:44:57 []:<-------------------------------------------------------------->
EstoqueTi.exe: 00003D88: 13:44:57 [Terminated]:Exit Code: 0
EstoqueTi.exe: 000072E0: 13:44:58 [TUniServerModule]:Shutting Down Server.
EstoqueTi.exe: 000072E0: 13:44:58 [TUniServerModule]:Stopping HTTP Server.
EstoqueTi.exe: 000072E0: 13:44:59 [TUniServerModule]:HTTP Server Stopped.
EstoqueTi.exe: 000072E0: 13:44:59 [TUniGUISessionManager]:Terminating Session manager.
EstoqueTi.exe: 000072E0: 13:44:59 [TUniGUISessionManager]:Stopping Cache Eraser...
EstoqueTi.exe: 000072E0: 13:44:59 [TUniGUISessionManager]:Cache Eraser Stopped.
EstoqueTi.exe: 000072E0: 13:44:59 [TUniGUISessionManager]:Destroying Worker Threads.
EstoqueTi.exe: 000072E0: 13:44:59 [TUniGUISessionManager]:Session manager terminated.
EstoqueTi.exe: 000072E0: 13:44:59 [TUniServerModule]:Server Shutdown Completed.
EstoqueTi.exe: 000072E0: 13:44:59 []:<-------------------------------------------------------------->
EstoqueTi.exe: 000072E0: 13:44:59 [Terminated]:Exit Code: 0
EstoqueTi.exe: 0000835C: 14:05:24 []:>--------------------------------------------------------------<
EstoqueTi.exe: 0000835C: 14:05:24 [TUniServerModule]:Server First Init.
EstoqueTi.exe: 0000835C: 14:05:24 [TUniServerModule]:Starting HTTP Server on Port: 8050...
EstoqueTi.exe: 0000835C: 14:05:24 [TUniServerModule]:HTTP Server Started on Port: 8050
EstoqueTi.exe: 00005F0C: 14:05:28 [HandleFileRequest[127.0.0.1]]:File not found: C:\Program Files (x86)\FMSoft\Framework\unigui\ext-7.0.0\build\classic\locale\locale-.js
EstoqueTi.exe: 0000175C: 14:05:29 [HandleFileRequest[127.0.0.1]]:File not found: C:\Program Files (x86)\FMSoft\Framework\unigui\ext-7.0.0\build\classic\locale\locale-.js
EstoqueTi.exe: 000080FC: 14:05:57 [HandleFileRequest[127.0.0.1]]:File not found: C:\Program Files (x86)\FMSoft\Framework\unigui\ext-7.0.0\build\classic\locale\locale-.js
EstoqueTi.exe: 00005D08: 14:05:58 [HandleFileRequest[127.0.0.1]]:File not found: C:\Program Files (x86)\FMSoft\Framework\unigui\ext-7.0.0\build\classic\locale\locale-.js
EstoqueTi.exe: 00006D68: 14:06:03 []:>--------------------------------------------------------------<
EstoqueTi.exe: 00006D68: 14:06:03 [TUniServerModule]:Server First Init.
EstoqueTi.exe: 00006D68: 14:06:03 [TUniServerModule]:Global Cache Folder Erased. <167> Files deleted.
EstoqueTi.exe: 00006D68: 14:06:03 [TUniServerModule]:Starting HTTP Server on Port: 8050...
EstoqueTi.exe: 00006D68: 14:06:03 [InitWebServer]:EIdCouldNotBindSocket : Could not bind socket. : Addr: $0070082B
EstoqueTi.exe: 000082AC: 14:06:04 []:Error deleting folder: "D:\Projetos\2020\WebEstoqueTI-8050\Win32\Debug\cache\estoqueti_exe\kIWVzrbbxL1071AB79B\" [OS Error:2]
EstoqueTi.exe: 0000835C: 14:06:10 [TUniServerModule]:Shutting Down Server.
EstoqueTi.exe: 0000835C: 14:06:10 [TUniServerModule]:Stopping HTTP Server.
EstoqueTi.exe: 0000835C: 14:06:11 [TUniServerModule]:HTTP Server Stopped.
EstoqueTi.exe: 0000835C: 14:06:11 [TUniGUISessionManager]:Terminating Session manager.
EstoqueTi.exe: 0000835C: 14:06:11 [TUniGUISessionManager]:Stopping Cache Eraser...
EstoqueTi.exe: 0000835C: 14:06:11 [TUniGUISessionManager]:Cache Eraser Stopped.
EstoqueTi.exe: 0000835C: 14:06:11 [TUniGUISessionManager]:Destroying Worker Threads.
EstoqueTi.exe: 0000835C: 14:06:11 [TUniGUISessionManager]:Session manager terminated.
EstoqueTi.exe: 0000835C: 14:06:11 [TUniServerModule]:Server Shutdown Completed.
EstoqueTi.exe: 0000835C: 14:06:11 []:<-------------------------------------------------------------->
EstoqueTi.exe: 0000835C: 14:06:11 [Terminated]:Exit Code: 0
EstoqueTi.exe: 00006D68: 14:06:15 [TUniServerModule]:Shutting Down Server.
EstoqueTi.exe: 00006D68: 14:06:15 [TUniServerModule]:Stopping HTTP Server.
EstoqueTi.exe: 00006D68: 14:06:16 [TUniServerModule]:HTTP Server Stopped.
EstoqueTi.exe: 00006D68: 14:06:16 [TUniGUISessionManager]:Terminating Session manager.
EstoqueTi.exe: 00006D68: 14:06:16 [TUniGUISessionManager]:Stopping Cache Eraser...
EstoqueTi.exe: 00006D68: 14:06:16 [TUniGUISessionManager]:Cache Eraser Stopped.
EstoqueTi.exe: 00006D68: 14:06:16 [TUniGUISessionManager]:Destroying Worker Threads.
EstoqueTi.exe: 00006D68: 14:06:16 [TUniGUISessionManager]:Session manager terminated.
EstoqueTi.exe: 00006D68: 14:06:16 [TUniServerModule]:Server Shutdown Completed.
EstoqueTi.exe: 00006D68: 14:06:16 []:<-------------------------------------------------------------->
EstoqueTi.exe: 00006D68: 14:06:16 [Terminated]:Exit Code: 0
EstoqueTi.exe: 00006C18: 14:30:17 []:>--------------------------------------------------------------<
EstoqueTi.exe: 00006C18: 14:30:17 [TUniServerModule]:Server First Init.
EstoqueTi.exe: 00006C18: 14:30:17 [TUniServerModule]:Starting HTTP Server on Port: 8050...
EstoqueTi.exe: 00006C18: 14:30:17 [TUniServerModule]:HTTP Server Started on Port: 8050
EstoqueTi.exe: 000080C4: 14:30:31 [HandleFileRequest[127.0.0.1]]:File not found: C:\Program Files (x86)\FMSoft\Framework\unigui\ext-7.0.0\build\classic\locale\locale-.js
EstoqueTi.exe: 0000827C: 14:30:32 [HandleFileRequest[127.0.0.1]]:File not found: C:\Program Files (x86)\FMSoft\Framework\unigui\ext-7.0.0\build\classic\locale\locale-.js
EstoqueTi.exe: 00001168: 14:31:40 [HandleFileRequest[127.0.0.1]]:File not found: C:\Program Files (x86)\FMSoft\Framework\unigui\ext-7.0.0\build\classic\locale\locale-.js
EstoqueTi.exe: 00004200: 14:31:40 [HandleFileRequest[127.0.0.1]]:File not found: C:\Program Files (x86)\FMSoft\Framework\unigui\ext-7.0.0\build\classic\locale\locale-.js
EstoqueTi.exe: 00005228: 14:31:53 [HandleFileRequest[127.0.0.1]]:File not found: C:\Program Files (x86)\FMSoft\Framework\unigui\ext-7.0.0\build\classic\locale\locale-.js
EstoqueTi.exe: 00000214: 14:31:54 [HandleFileRequest[127.0.0.1]]:File not found: C:\Program Files (x86)\FMSoft\Framework\unigui\ext-7.0.0\build\classic\locale\locale-.js
EstoqueTi.exe: 00007238: 14:44:10 [127.0.0.1]:EUniSessionException : Sessão inválida ou tempo limite da sessão. (Session not found: g6xaTUPEdK1071ABEA4 ) : Addr: $007D0BAE
EstoqueTi.exe: 00006A34: 14:44:10 [127.0.0.1]:EUniSessionException : Sessão inválida ou tempo limite da sessão. (Session not found: g6xaTUPEdK1071ABEA4 ) : Addr: $007D0BAE
EstoqueTi.exe: 00006A34: 14:44:12 [HandleFileRequest[127.0.0.1]]:File not found: C:\Program Files (x86)\FMSoft\Framework\unigui\ext-7.0.0\build\classic\locale\locale-.js
EstoqueTi.exe: 00007238: 14:44:12 [HandleFileRequest[127.0.0.1]]:File not found: C:\Program Files (x86)\FMSoft\Framework\unigui\ext-7.0.0\build\classic\locale\locale-.js
EstoqueTi.exe: 00006C18: 15:24:04 [TUniServerModule]:Shutting Down Server.
EstoqueTi.exe: 00006C18: 15:24:04 [TUniServerModule]:Stopping HTTP Server.
EstoqueTi.exe: 00006C18: 15:24:04 [TUniServerModule]:HTTP Server Stopped.
EstoqueTi.exe: 00006C18: 15:24:04 [TUniGUISessionManager]:Terminating Session manager.
EstoqueTi.exe: 00006C18: 15:24:04 [TUniGUISessionManager]:Stopping Cache Eraser...
EstoqueTi.exe: 00006C18: 15:24:04 [TUniGUISessionManager]:Cache Eraser Stopped.
EstoqueTi.exe: 00006C18: 15:24:04 [TUniGUISessionManager]:Destroying Worker Threads.
EstoqueTi.exe: 00006C18: 15:24:04 [TUniGUISessionManager]:Session manager terminated.
EstoqueTi.exe: 00006C18: 15:24:05 [TUniServerModule]:Server Shutdown Completed.
EstoqueTi.exe: 00006C18: 15:24:05 []:<-------------------------------------------------------------->
EstoqueTi.exe: 00006C18: 15:24:05 [Terminated]:Exit Code: 0
EstoqueTi.exe: 000042E8: 16:53:11 []:>--------------------------------------------------------------<
EstoqueTi.exe: 000042E8: 16:53:11 [TUniServerModule]:Server First Init.
EstoqueTi.exe: 000042E8: 16:53:11 [TUniServerModule]:Starting HTTP Server on Port: 8050...
EstoqueTi.exe: 000042E8: 16:53:11 [TUniServerModule]:HTTP Server Started on Port: 8050
EstoqueTi.exe: 000080E8: 16:53:18 [HandleFileRequest[127.0.0.1]]:File not found: C:\Program Files (x86)\FMSoft\Framework\unigui\ext-7.0.0\build\classic\locale\locale-.js
EstoqueTi.exe: 00002CD8: 16:53:18 [HandleFileRequest[127.0.0.1]]:File not found: C:\Program Files (x86)\FMSoft\Framework\unigui\ext-7.0.0\build\classic\locale\locale-.js
EstoqueTi.exe: 000042E8: 17:12:18 [TUniServerModule]:Shutting Down Server.
EstoqueTi.exe: 000042E8: 17:12:18 [TUniServerModule]:Stopping HTTP Server.
EstoqueTi.exe: 000042E8: 17:12:18 [TUniServerModule]:HTTP Server Stopped.
EstoqueTi.exe: 000042E8: 17:12:18 [TUniGUISessionManager]:Terminating Session manager.
EstoqueTi.exe: 000042E8: 17:12:18 [TUniGUISessionManager]:Stopping Cache Eraser...
EstoqueTi.exe: 000042E8: 17:12:18 [TUniGUISessionManager]:Cache Eraser Stopped.
EstoqueTi.exe: 000042E8: 17:12:18 [TUniGUISessionManager]:Destroying Worker Threads.
EstoqueTi.exe: 000042E8: 17:12:18 [TUniGUISessionManager]:Session manager terminated.
EstoqueTi.exe: 000042E8: 17:12:18 [TUniServerModule]:Server Shutdown Completed.
EstoqueTi.exe: 000042E8: 17:12:18 []:<-------------------------------------------------------------->
EstoqueTi.exe: 000042E8: 17:12:18 [Terminated]:Exit Code: 0
